# Logfile created on 2012-11-02 21:49:15 +0800 by logger.rb/25413
I, [2012-11-02 21:50:28#1189]  INFO -- : download success
I, [2012-11-02 21:51:19#1189]  INFO -- : download success
E, [2012-11-02 21:51:20#1189] ERROR -- : end of file reached (EOFError)
/Users/john/.rvm/rubies/ruby-1.9.2-p320/lib/ruby/1.9.1/net/protocol.rb:135:in `read_nonblock'
/Users/john/.rvm/rubies/ruby-1.9.2-p320/lib/ruby/1.9.1/net/protocol.rb:135:in `rbuf_fill'
/Users/john/.rvm/rubies/ruby-1.9.2-p320/lib/ruby/1.9.1/net/protocol.rb:116:in `readuntil'
/Users/john/.rvm/rubies/ruby-1.9.2-p320/lib/ruby/1.9.1/net/protocol.rb:126:in `readline'
/Users/john/.rvm/rubies/ruby-1.9.2-p320/lib/ruby/1.9.1/net/http.rb:2219:in `read_status_line'
/Users/john/.rvm/rubies/ruby-1.9.2-p320/lib/ruby/1.9.1/net/http.rb:2208:in `read_new'
/Users/john/.rvm/rubies/ruby-1.9.2-p320/lib/ruby/1.9.1/net/http.rb:1191:in `transport_request'
/Users/john/.rvm/rubies/ruby-1.9.2-p320/lib/ruby/1.9.1/net/http.rb:1177:in `request'
/Users/john/.rvm/rubies/ruby-1.9.2-p320/lib/ruby/1.9.1/open-uri.rb:312:in `block in open_http'
/Users/john/.rvm/rubies/ruby-1.9.2-p320/lib/ruby/1.9.1/net/http.rb:627:in `start'
/Users/john/.rvm/rubies/ruby-1.9.2-p320/lib/ruby/1.9.1/open-uri.rb:306:in `open_http'
/Users/john/.rvm/rubies/ruby-1.9.2-p320/lib/ruby/1.9.1/open-uri.rb:769:in `buffer_open'
/Users/john/.rvm/rubies/ruby-1.9.2-p320/lib/ruby/1.9.1/open-uri.rb:203:in `block in open_loop'
/Users/john/.rvm/rubies/ruby-1.9.2-p320/lib/ruby/1.9.1/open-uri.rb:201:in `catch'
/Users/john/.rvm/rubies/ruby-1.9.2-p320/lib/ruby/1.9.1/open-uri.rb:201:in `open_loop'
/Users/john/.rvm/rubies/ruby-1.9.2-p320/lib/ruby/1.9.1/open-uri.rb:146:in `open_uri'
/Users/john/.rvm/rubies/ruby-1.9.2-p320/lib/ruby/1.9.1/open-uri.rb:671:in `open'
/Users/john/.rvm/rubies/ruby-1.9.2-p320/lib/ruby/1.9.1/open-uri.rb:33:in `open'
/Users/john/workspaces/voa/lib/efile.rb:28:in `download'
/Users/john/workspaces/voa/lib/ehtml.rb:32:in `download_english'
main.rb:16:in `block in <main>'
main.rb:12:in `each'
main.rb:12:in `<main>'
I, [2012-11-02 21:52:05#1189]  INFO -- : download success
E, [2012-11-02 21:52:06#1189] ERROR -- : bad URI(is not URI?): http://down.51voa.com/201211/WEB_Sandy_Climate_Change[dur=00,02,26]_-fixed-x264-Platform_YTHQFull__747835.mp3 (URI::InvalidURIError)
/Users/john/.rvm/rubies/ruby-1.9.2-p320/lib/ruby/1.9.1/uri/common.rb:156:in `split'
/Users/john/.rvm/rubies/ruby-1.9.2-p320/lib/ruby/1.9.1/uri/common.rb:174:in `parse'
/Users/john/.rvm/rubies/ruby-1.9.2-p320/lib/ruby/1.9.1/uri/common.rb:628:in `parse'
/Users/john/.rvm/rubies/ruby-1.9.2-p320/lib/ruby/1.9.1/open-uri.rb:32:in `open'
/Users/john/workspaces/voa/lib/efile.rb:28:in `download'
/Users/john/workspaces/voa/lib/ehtml.rb:32:in `download_english'
main.rb:16:in `block in <main>'
main.rb:12:in `each'
main.rb:12:in `<main>'
E, [2012-11-02 21:52:10#1189] ERROR -- : end of file reached (EOFError)
/Users/john/.rvm/rubies/ruby-1.9.2-p320/lib/ruby/1.9.1/net/protocol.rb:135:in `read_nonblock'
/Users/john/.rvm/rubies/ruby-1.9.2-p320/lib/ruby/1.9.1/net/protocol.rb:135:in `rbuf_fill'
/Users/john/.rvm/rubies/ruby-1.9.2-p320/lib/ruby/1.9.1/net/protocol.rb:116:in `readuntil'
/Users/john/.rvm/rubies/ruby-1.9.2-p320/lib/ruby/1.9.1/net/protocol.rb:126:in `readline'
/Users/john/.rvm/rubies/ruby-1.9.2-p320/lib/ruby/1.9.1/net/http.rb:2219:in `read_status_line'
/Users/john/.rvm/rubies/ruby-1.9.2-p320/lib/ruby/1.9.1/net/http.rb:2208:in `read_new'
/Users/john/.rvm/rubies/ruby-1.9.2-p320/lib/ruby/1.9.1/net/http.rb:1191:in `transport_request'
/Users/john/.rvm/rubies/ruby-1.9.2-p320/lib/ruby/1.9.1/net/http.rb:1177:in `request'
/Users/john/.rvm/rubies/ruby-1.9.2-p320/lib/ruby/1.9.1/open-uri.rb:312:in `block in open_http'
/Users/john/.rvm/rubies/ruby-1.9.2-p320/lib/ruby/1.9.1/net/http.rb:627:in `start'
/Users/john/.rvm/rubies/ruby-1.9.2-p320/lib/ruby/1.9.1/open-uri.rb:306:in `open_http'
/Users/john/.rvm/rubies/ruby-1.9.2-p320/lib/ruby/1.9.1/open-uri.rb:769:in `buffer_open'
/Users/john/.rvm/rubies/ruby-1.9.2-p320/lib/ruby/1.9.1/open-uri.rb:203:in `block in open_loop'
/Users/john/.rvm/rubies/ruby-1.9.2-p320/lib/ruby/1.9.1/open-uri.rb:201:in `catch'
/Users/john/.rvm/rubies/ruby-1.9.2-p320/lib/ruby/1.9.1/open-uri.rb:201:in `open_loop'
/Users/john/.rvm/rubies/ruby-1.9.2-p320/lib/ruby/1.9.1/open-uri.rb:146:in `open_uri'
/Users/john/.rvm/rubies/ruby-1.9.2-p320/lib/ruby/1.9.1/open-uri.rb:671:in `open'
/Users/john/.rvm/rubies/ruby-1.9.2-p320/lib/ruby/1.9.1/open-uri.rb:33:in `open'
/Users/john/workspaces/voa/lib/efile.rb:28:in `download'
/Users/john/workspaces/voa/lib/ehtml.rb:32:in `download_english'
main.rb:16:in `block in <main>'
main.rb:12:in `each'
main.rb:12:in `<main>'
E, [2012-11-02 21:52:11#1189] ERROR -- : undefined method `attribute' for nil:NilClass (NoMethodError)
/Users/john/workspaces/voa/lib/ehtml.rb:28:in `get_download_url'
main.rb:15:in `block in <main>'
main.rb:12:in `each'
main.rb:12:in `<main>'
I, [2012-11-02 21:53:03#1189]  INFO -- : download success
E, [2012-11-02 21:53:08#1189] ERROR -- : end of file reached (EOFError)
/Users/john/.rvm/rubies/ruby-1.9.2-p320/lib/ruby/1.9.1/net/protocol.rb:135:in `read_nonblock'
/Users/john/.rvm/rubies/ruby-1.9.2-p320/lib/ruby/1.9.1/net/protocol.rb:135:in `rbuf_fill'
/Users/john/.rvm/rubies/ruby-1.9.2-p320/lib/ruby/1.9.1/net/protocol.rb:116:in `readuntil'
/Users/john/.rvm/rubies/ruby-1.9.2-p320/lib/ruby/1.9.1/net/protocol.rb:126:in `readline'
/Users/john/.rvm/rubies/ruby-1.9.2-p320/lib/ruby/1.9.1/net/http.rb:2219:in `read_status_line'
/Users/john/.rvm/rubies/ruby-1.9.2-p320/lib/ruby/1.9.1/net/http.rb:2208:in `read_new'
/Users/john/.rvm/rubies/ruby-1.9.2-p320/lib/ruby/1.9.1/net/http.rb:1191:in `transport_request'
/Users/john/.rvm/rubies/ruby-1.9.2-p320/lib/ruby/1.9.1/net/http.rb:1177:in `request'
/Users/john/.rvm/rubies/ruby-1.9.2-p320/lib/ruby/1.9.1/open-uri.rb:312:in `block in open_http'
/Users/john/.rvm/rubies/ruby-1.9.2-p320/lib/ruby/1.9.1/net/http.rb:627:in `start'
/Users/john/.rvm/rubies/ruby-1.9.2-p320/lib/ruby/1.9.1/open-uri.rb:306:in `open_http'
/Users/john/.rvm/rubies/ruby-1.9.2-p320/lib/ruby/1.9.1/open-uri.rb:769:in `buffer_open'
/Users/john/.rvm/rubies/ruby-1.9.2-p320/lib/ruby/1.9.1/open-uri.rb:203:in `block in open_loop'
/Users/john/.rvm/rubies/ruby-1.9.2-p320/lib/ruby/1.9.1/open-uri.rb:201:in `catch'
/Users/john/.rvm/rubies/ruby-1.9.2-p320/lib/ruby/1.9.1/open-uri.rb:201:in `open_loop'
/Users/john/.rvm/rubies/ruby-1.9.2-p320/lib/ruby/1.9.1/open-uri.rb:146:in `open_uri'
/Users/john/.rvm/rubies/ruby-1.9.2-p320/lib/ruby/1.9.1/open-uri.rb:671:in `open'
/Users/john/.rvm/rubies/ruby-1.9.2-p320/lib/ruby/1.9.1/open-uri.rb:33:in `open'
/Users/john/workspaces/voa/lib/efile.rb:28:in `download'
/Users/john/workspaces/voa/lib/ehtml.rb:32:in `download_english'
main.rb:16:in `block in <main>'
main.rb:12:in `each'
main.rb:12:in `<main>'
E, [2012-11-02 21:56:04#1189] ERROR -- : Timeout::Error (Timeout::Error)
/Users/john/.rvm/rubies/ruby-1.9.2-p320/lib/ruby/1.9.1/net/protocol.rb:140:in `rescue in rbuf_fill'
/Users/john/.rvm/rubies/ruby-1.9.2-p320/lib/ruby/1.9.1/net/protocol.rb:134:in `rbuf_fill'
/Users/john/.rvm/rubies/ruby-1.9.2-p320/lib/ruby/1.9.1/net/protocol.rb:86:in `read'
/Users/john/.rvm/rubies/ruby-1.9.2-p320/lib/ruby/1.9.1/net/http.rb:2424:in `read_body_0'
/Users/john/.rvm/rubies/ruby-1.9.2-p320/lib/ruby/1.9.1/net/http.rb:2379:in `read_body'
/Users/john/.rvm/rubies/ruby-1.9.2-p320/lib/ruby/1.9.1/open-uri.rb:321:in `block (2 levels) in open_http'
/Users/john/.rvm/rubies/ruby-1.9.2-p320/lib/ruby/1.9.1/net/http.rb:1194:in `block in transport_request'
/Users/john/.rvm/rubies/ruby-1.9.2-p320/lib/ruby/1.9.1/net/http.rb:2342:in `reading_body'
/Users/john/.rvm/rubies/ruby-1.9.2-p320/lib/ruby/1.9.1/net/http.rb:1193:in `transport_request'
/Users/john/.rvm/rubies/ruby-1.9.2-p320/lib/ruby/1.9.1/net/http.rb:1177:in `request'
/Users/john/.rvm/rubies/ruby-1.9.2-p320/lib/ruby/1.9.1/open-uri.rb:312:in `block in open_http'
/Users/john/.rvm/rubies/ruby-1.9.2-p320/lib/ruby/1.9.1/net/http.rb:627:in `start'
/Users/john/.rvm/rubies/ruby-1.9.2-p320/lib/ruby/1.9.1/open-uri.rb:306:in `open_http'
/Users/john/.rvm/rubies/ruby-1.9.2-p320/lib/ruby/1.9.1/open-uri.rb:769:in `buffer_open'
/Users/john/.rvm/rubies/ruby-1.9.2-p320/lib/ruby/1.9.1/open-uri.rb:203:in `block in open_loop'
/Users/john/.rvm/rubies/ruby-1.9.2-p320/lib/ruby/1.9.1/open-uri.rb:201:in `catch'
/Users/john/.rvm/rubies/ruby-1.9.2-p320/lib/ruby/1.9.1/open-uri.rb:201:in `open_loop'
/Users/john/.rvm/rubies/ruby-1.9.2-p320/lib/ruby/1.9.1/open-uri.rb:146:in `open_uri'
/Users/john/.rvm/rubies/ruby-1.9.2-p320/lib/ruby/1.9.1/open-uri.rb:671:in `open'
/Users/john/.rvm/rubies/ruby-1.9.2-p320/lib/ruby/1.9.1/open-uri.rb:33:in `open'
/Users/john/workspaces/voa/lib/efile.rb:28:in `download'
/Users/john/workspaces/voa/lib/ehtml.rb:32:in `download_english'
main.rb:16:in `block in <main>'
main.rb:12:in `each'
main.rb:12:in `<main>'
I, [2012-11-02 21:58:02#1189]  INFO -- : download success
E, [2012-11-02 22:03:05#1189] ERROR -- : Timeout::Error (Timeout::Error)
/Users/john/.rvm/rubies/ruby-1.9.2-p320/lib/ruby/1.9.1/net/protocol.rb:140:in `rescue in rbuf_fill'
/Users/john/.rvm/rubies/ruby-1.9.2-p320/lib/ruby/1.9.1/net/protocol.rb:134:in `rbuf_fill'
/Users/john/.rvm/rubies/ruby-1.9.2-p320/lib/ruby/1.9.1/net/protocol.rb:86:in `read'
/Users/john/.rvm/rubies/ruby-1.9.2-p320/lib/ruby/1.9.1/net/http.rb:2424:in `read_body_0'
/Users/john/.rvm/rubies/ruby-1.9.2-p320/lib/ruby/1.9.1/net/http.rb:2379:in `read_body'
/Users/john/.rvm/rubies/ruby-1.9.2-p320/lib/ruby/1.9.1/open-uri.rb:321:in `block (2 levels) in open_http'
/Users/john/.rvm/rubies/ruby-1.9.2-p320/lib/ruby/1.9.1/net/http.rb:1194:in `block in transport_request'
/Users/john/.rvm/rubies/ruby-1.9.2-p320/lib/ruby/1.9.1/net/http.rb:2342:in `reading_body'
/Users/john/.rvm/rubies/ruby-1.9.2-p320/lib/ruby/1.9.1/net/http.rb:1193:in `transport_request'
/Users/john/.rvm/rubies/ruby-1.9.2-p320/lib/ruby/1.9.1/net/http.rb:1177:in `request'
/Users/john/.rvm/rubies/ruby-1.9.2-p320/lib/ruby/1.9.1/open-uri.rb:312:in `block in open_http'
/Users/john/.rvm/rubies/ruby-1.9.2-p320/lib/ruby/1.9.1/net/http.rb:627:in `start'
/Users/john/.rvm/rubies/ruby-1.9.2-p320/lib/ruby/1.9.1/open-uri.rb:306:in `open_http'
/Users/john/.rvm/rubies/ruby-1.9.2-p320/lib/ruby/1.9.1/open-uri.rb:769:in `buffer_open'
/Users/john/.rvm/rubies/ruby-1.9.2-p320/lib/ruby/1.9.1/open-uri.rb:203:in `block in open_loop'
/Users/john/.rvm/rubies/ruby-1.9.2-p320/lib/ruby/1.9.1/open-uri.rb:201:in `catch'
/Users/john/.rvm/rubies/ruby-1.9.2-p320/lib/ruby/1.9.1/open-uri.rb:201:in `open_loop'
/Users/john/.rvm/rubies/ruby-1.9.2-p320/lib/ruby/1.9.1/open-uri.rb:146:in `open_uri'
/Users/john/.rvm/rubies/ruby-1.9.2-p320/lib/ruby/1.9.1/open-uri.rb:671:in `open'
/Users/john/.rvm/rubies/ruby-1.9.2-p320/lib/ruby/1.9.1/open-uri.rb:33:in `open'
/Users/john/workspaces/voa/lib/efile.rb:28:in `download'
/Users/john/workspaces/voa/lib/ehtml.rb:32:in `download_english'
main.rb:16:in `block in <main>'
main.rb:12:in `each'
main.rb:12:in `<main>'
E, [2012-11-02 22:03:06#1189] ERROR -- : getaddrinfo: nodename nor servname provided, or not known (SocketError)
/Users/john/.rvm/gems/ruby-1.9.2-p320@r9/gems/net-http-persistent-2.8/lib/net/http/persistent/ssl_reuse.rb:29:in `initialize'
/Users/john/.rvm/gems/ruby-1.9.2-p320@r9/gems/net-http-persistent-2.8/lib/net/http/persistent/ssl_reuse.rb:29:in `open'
/Users/john/.rvm/gems/ruby-1.9.2-p320@r9/gems/net-http-persistent-2.8/lib/net/http/persistent/ssl_reuse.rb:29:in `block in connect'
/Users/john/.rvm/rubies/ruby-1.9.2-p320/lib/ruby/1.9.1/timeout.rb:44:in `timeout'
/Users/john/.rvm/rubies/ruby-1.9.2-p320/lib/ruby/1.9.1/timeout.rb:89:in `timeout'
/Users/john/.rvm/gems/ruby-1.9.2-p320@r9/gems/net-http-persistent-2.8/lib/net/http/persistent/ssl_reuse.rb:29:in `connect'
/Users/john/.rvm/rubies/ruby-1.9.2-p320/lib/ruby/1.9.1/net/http.rb:637:in `do_start'
/Users/john/.rvm/rubies/ruby-1.9.2-p320/lib/ruby/1.9.1/net/http.rb:632:in `start'
/Users/john/.rvm/gems/ruby-1.9.2-p320@r9/gems/net-http-persistent-2.8/lib/net/http/persistent.rb:628:in `start'
/Users/john/.rvm/gems/ruby-1.9.2-p320@r9/gems/net-http-persistent-2.8/lib/net/http/persistent.rb:888:in `reset'
/Users/john/.rvm/gems/ruby-1.9.2-p320@r9/gems/net-http-persistent-2.8/lib/net/http/persistent.rb:567:in `connection_for'
/Users/john/.rvm/gems/ruby-1.9.2-p320@r9/gems/net-http-persistent-2.8/lib/net/http/persistent.rb:926:in `request'
/Users/john/.rvm/gems/ruby-1.9.2-p320@r9/gems/mechanize-2.5.1/lib/mechanize/http/agent.rb:258:in `fetch'
/Users/john/.rvm/gems/ruby-1.9.2-p320@r9/gems/mechanize-2.5.1/lib/mechanize.rb:407:in `get'
/Users/john/workspaces/voa/lib/ehtml.rb:15:in `get_page'
main.rb:14:in `block in <main>'
main.rb:12:in `each'
main.rb:12:in `<main>'
E, [2012-11-02 22:03:06#1189] ERROR -- : getaddrinfo: nodename nor servname provided, or not known (SocketError)
/Users/john/.rvm/gems/ruby-1.9.2-p320@r9/gems/net-http-persistent-2.8/lib/net/http/persistent/ssl_reuse.rb:29:in `initialize'
/Users/john/.rvm/gems/ruby-1.9.2-p320@r9/gems/net-http-persistent-2.8/lib/net/http/persistent/ssl_reuse.rb:29:in `open'
/Users/john/.rvm/gems/ruby-1.9.2-p320@r9/gems/net-http-persistent-2.8/lib/net/http/persistent/ssl_reuse.rb:29:in `block in connect'
/Users/john/.rvm/rubies/ruby-1.9.2-p320/lib/ruby/1.9.1/timeout.rb:44:in `timeout'
/Users/john/.rvm/rubies/ruby-1.9.2-p320/lib/ruby/1.9.1/timeout.rb:89:in `timeout'
/Users/john/.rvm/gems/ruby-1.9.2-p320@r9/gems/net-http-persistent-2.8/lib/net/http/persistent/ssl_reuse.rb:29:in `connect'
/Users/john/.rvm/rubies/ruby-1.9.2-p320/lib/ruby/1.9.1/net/http.rb:637:in `do_start'
/Users/john/.rvm/rubies/ruby-1.9.2-p320/lib/ruby/1.9.1/net/http.rb:632:in `start'
/Users/john/.rvm/gems/ruby-1.9.2-p320@r9/gems/net-http-persistent-2.8/lib/net/http/persistent.rb:628:in `start'
/Users/john/.rvm/gems/ruby-1.9.2-p320@r9/gems/net-http-persistent-2.8/lib/net/http/persistent.rb:888:in `reset'
/Users/john/.rvm/gems/ruby-1.9.2-p320@r9/gems/net-http-persistent-2.8/lib/net/http/persistent.rb:567:in `connection_for'
/Users/john/.rvm/gems/ruby-1.9.2-p320@r9/gems/net-http-persistent-2.8/lib/net/http/persistent.rb:926:in `request'
/Users/john/.rvm/gems/ruby-1.9.2-p320@r9/gems/mechanize-2.5.1/lib/mechanize/http/agent.rb:258:in `fetch'
/Users/john/.rvm/gems/ruby-1.9.2-p320@r9/gems/mechanize-2.5.1/lib/mechanize.rb:407:in `get'
/Users/john/workspaces/voa/lib/ehtml.rb:15:in `get_page'
main.rb:14:in `block in <main>'
main.rb:12:in `each'
main.rb:12:in `<main>'
E, [2012-11-02 22:03:06#1189] ERROR -- : getaddrinfo: nodename nor servname provided, or not known (SocketError)
/Users/john/.rvm/gems/ruby-1.9.2-p320@r9/gems/net-http-persistent-2.8/lib/net/http/persistent/ssl_reuse.rb:29:in `initialize'
/Users/john/.rvm/gems/ruby-1.9.2-p320@r9/gems/net-http-persistent-2.8/lib/net/http/persistent/ssl_reuse.rb:29:in `open'
/Users/john/.rvm/gems/ruby-1.9.2-p320@r9/gems/net-http-persistent-2.8/lib/net/http/persistent/ssl_reuse.rb:29:in `block in connect'
/Users/john/.rvm/rubies/ruby-1.9.2-p320/lib/ruby/1.9.1/timeout.rb:44:in `timeout'
/Users/john/.rvm/rubies/ruby-1.9.2-p320/lib/ruby/1.9.1/timeout.rb:89:in `timeout'
/Users/john/.rvm/gems/ruby-1.9.2-p320@r9/gems/net-http-persistent-2.8/lib/net/http/persistent/ssl_reuse.rb:29:in `connect'
/Users/john/.rvm/rubies/ruby-1.9.2-p320/lib/ruby/1.9.1/net/http.rb:637:in `do_start'
/Users/john/.rvm/rubies/ruby-1.9.2-p320/lib/ruby/1.9.1/net/http.rb:632:in `start'
/Users/john/.rvm/gems/ruby-1.9.2-p320@r9/gems/net-http-persistent-2.8/lib/net/http/persistent.rb:628:in `start'
/Users/john/.rvm/gems/ruby-1.9.2-p320@r9/gems/net-http-persistent-2.8/lib/net/http/persistent.rb:888:in `reset'
/Users/john/.rvm/gems/ruby-1.9.2-p320@r9/gems/net-http-persistent-2.8/lib/net/http/persistent.rb:567:in `connection_for'
/Users/john/.rvm/gems/ruby-1.9.2-p320@r9/gems/net-http-persistent-2.8/lib/net/http/persistent.rb:926:in `request'
/Users/john/.rvm/gems/ruby-1.9.2-p320@r9/gems/mechanize-2.5.1/lib/mechanize/http/agent.rb:258:in `fetch'
/Users/john/.rvm/gems/ruby-1.9.2-p320@r9/gems/mechanize-2.5.1/lib/mechanize.rb:407:in `get'
/Users/john/workspaces/voa/lib/ehtml.rb:15:in `get_page'
main.rb:14:in `block in <main>'
main.rb:12:in `each'
main.rb:12:in `<main>'
E, [2012-11-02 22:03:06#1189] ERROR -- : getaddrinfo: nodename nor servname provided, or not known (SocketError)
/Users/john/.rvm/gems/ruby-1.9.2-p320@r9/gems/net-http-persistent-2.8/lib/net/http/persistent/ssl_reuse.rb:29:in `initialize'
/Users/john/.rvm/gems/ruby-1.9.2-p320@r9/gems/net-http-persistent-2.8/lib/net/http/persistent/ssl_reuse.rb:29:in `open'
/Users/john/.rvm/gems/ruby-1.9.2-p320@r9/gems/net-http-persistent-2.8/lib/net/http/persistent/ssl_reuse.rb:29:in `block in connect'
/Users/john/.rvm/rubies/ruby-1.9.2-p320/lib/ruby/1.9.1/timeout.rb:44:in `timeout'
/Users/john/.rvm/rubies/ruby-1.9.2-p320/lib/ruby/1.9.1/timeout.rb:89:in `timeout'
/Users/john/.rvm/gems/ruby-1.9.2-p320@r9/gems/net-http-persistent-2.8/lib/net/http/persistent/ssl_reuse.rb:29:in `connect'
/Users/john/.rvm/rubies/ruby-1.9.2-p320/lib/ruby/1.9.1/net/http.rb:637:in `do_start'
/Users/john/.rvm/rubies/ruby-1.9.2-p320/lib/ruby/1.9.1/net/http.rb:632:in `start'
/Users/john/.rvm/gems/ruby-1.9.2-p320@r9/gems/net-http-persistent-2.8/lib/net/http/persistent.rb:628:in `start'
/Users/john/.rvm/gems/ruby-1.9.2-p320@r9/gems/net-http-persistent-2.8/lib/net/http/persistent.rb:888:in `reset'
/Users/john/.rvm/gems/ruby-1.9.2-p320@r9/gems/net-http-persistent-2.8/lib/net/http/persistent.rb:567:in `connection_for'
/Users/john/.rvm/gems/ruby-1.9.2-p320@r9/gems/net-http-persistent-2.8/lib/net/http/persistent.rb:926:in `request'
/Users/john/.rvm/gems/ruby-1.9.2-p320@r9/gems/mechanize-2.5.1/lib/mechanize/http/agent.rb:258:in `fetch'
/Users/john/.rvm/gems/ruby-1.9.2-p320@r9/gems/mechanize-2.5.1/lib/mechanize.rb:407:in `get'
/Users/john/workspaces/voa/lib/ehtml.rb:15:in `get_page'
main.rb:14:in `block in <main>'
main.rb:12:in `each'
main.rb:12:in `<main>'
E, [2012-11-02 22:03:06#1189] ERROR -- : getaddrinfo: nodename nor servname provided, or not known (SocketError)
/Users/john/.rvm/gems/ruby-1.9.2-p320@r9/gems/net-http-persistent-2.8/lib/net/http/persistent/ssl_reuse.rb:29:in `initialize'
/Users/john/.rvm/gems/ruby-1.9.2-p320@r9/gems/net-http-persistent-2.8/lib/net/http/persistent/ssl_reuse.rb:29:in `open'
/Users/john/.rvm/gems/ruby-1.9.2-p320@r9/gems/net-http-persistent-2.8/lib/net/http/persistent/ssl_reuse.rb:29:in `block in connect'
/Users/john/.rvm/rubies/ruby-1.9.2-p320/lib/ruby/1.9.1/timeout.rb:44:in `timeout'
/Users/john/.rvm/rubies/ruby-1.9.2-p320/lib/ruby/1.9.1/timeout.rb:89:in `timeout'
/Users/john/.rvm/gems/ruby-1.9.2-p320@r9/gems/net-http-persistent-2.8/lib/net/http/persistent/ssl_reuse.rb:29:in `connect'
/Users/john/.rvm/rubies/ruby-1.9.2-p320/lib/ruby/1.9.1/net/http.rb:637:in `do_start'
/Users/john/.rvm/rubies/ruby-1.9.2-p320/lib/ruby/1.9.1/net/http.rb:632:in `start'
/Users/john/.rvm/gems/ruby-1.9.2-p320@r9/gems/net-http-persistent-2.8/lib/net/http/persistent.rb:628:in `start'
/Users/john/.rvm/gems/ruby-1.9.2-p320@r9/gems/net-http-persistent-2.8/lib/net/http/persistent.rb:888:in `reset'
/Users/john/.rvm/gems/ruby-1.9.2-p320@r9/gems/net-http-persistent-2.8/lib/net/http/persistent.rb:567:in `connection_for'
/Users/john/.rvm/gems/ruby-1.9.2-p320@r9/gems/net-http-persistent-2.8/lib/net/http/persistent.rb:926:in `request'
/Users/john/.rvm/gems/ruby-1.9.2-p320@r9/gems/mechanize-2.5.1/lib/mechanize/http/agent.rb:258:in `fetch'
/Users/john/.rvm/gems/ruby-1.9.2-p320@r9/gems/mechanize-2.5.1/lib/mechanize.rb:407:in `get'
/Users/john/workspaces/voa/lib/ehtml.rb:15:in `get_page'
main.rb:14:in `block in <main>'
main.rb:12:in `each'
main.rb:12:in `<main>'
E, [2012-11-02 22:03:06#1189] ERROR -- : getaddrinfo: nodename nor servname provided, or not known (SocketError)
/Users/john/.rvm/gems/ruby-1.9.2-p320@r9/gems/net-http-persistent-2.8/lib/net/http/persistent/ssl_reuse.rb:29:in `initialize'
/Users/john/.rvm/gems/ruby-1.9.2-p320@r9/gems/net-http-persistent-2.8/lib/net/http/persistent/ssl_reuse.rb:29:in `open'
/Users/john/.rvm/gems/ruby-1.9.2-p320@r9/gems/net-http-persistent-2.8/lib/net/http/persistent/ssl_reuse.rb:29:in `block in connect'
/Users/john/.rvm/rubies/ruby-1.9.2-p320/lib/ruby/1.9.1/timeout.rb:44:in `timeout'
/Users/john/.rvm/rubies/ruby-1.9.2-p320/lib/ruby/1.9.1/timeout.rb:89:in `timeout'
/Users/john/.rvm/gems/ruby-1.9.2-p320@r9/gems/net-http-persistent-2.8/lib/net/http/persistent/ssl_reuse.rb:29:in `connect'
/Users/john/.rvm/rubies/ruby-1.9.2-p320/lib/ruby/1.9.1/net/http.rb:637:in `do_start'
/Users/john/.rvm/rubies/ruby-1.9.2-p320/lib/ruby/1.9.1/net/http.rb:632:in `start'
/Users/john/.rvm/gems/ruby-1.9.2-p320@r9/gems/net-http-persistent-2.8/lib/net/http/persistent.rb:628:in `start'
/Users/john/.rvm/gems/ruby-1.9.2-p320@r9/gems/net-http-persistent-2.8/lib/net/http/persistent.rb:888:in `reset'
/Users/john/.rvm/gems/ruby-1.9.2-p320@r9/gems/net-http-persistent-2.8/lib/net/http/persistent.rb:567:in `connection_for'
/Users/john/.rvm/gems/ruby-1.9.2-p320@r9/gems/net-http-persistent-2.8/lib/net/http/persistent.rb:926:in `request'
/Users/john/.rvm/gems/ruby-1.9.2-p320@r9/gems/mechanize-2.5.1/lib/mechanize/http/agent.rb:258:in `fetch'
/Users/john/.rvm/gems/ruby-1.9.2-p320@r9/gems/mechanize-2.5.1/lib/mechanize.rb:407:in `get'
/Users/john/workspaces/voa/lib/ehtml.rb:15:in `get_page'
main.rb:14:in `block in <main>'
main.rb:12:in `each'
main.rb:12:in `<main>'
E, [2012-11-02 22:03:06#1189] ERROR -- : getaddrinfo: nodename nor servname provided, or not known (SocketError)
/Users/john/.rvm/gems/ruby-1.9.2-p320@r9/gems/net-http-persistent-2.8/lib/net/http/persistent/ssl_reuse.rb:29:in `initialize'
/Users/john/.rvm/gems/ruby-1.9.2-p320@r9/gems/net-http-persistent-2.8/lib/net/http/persistent/ssl_reuse.rb:29:in `open'
/Users/john/.rvm/gems/ruby-1.9.2-p320@r9/gems/net-http-persistent-2.8/lib/net/http/persistent/ssl_reuse.rb:29:in `block in connect'
/Users/john/.rvm/rubies/ruby-1.9.2-p320/lib/ruby/1.9.1/timeout.rb:44:in `timeout'
/Users/john/.rvm/rubies/ruby-1.9.2-p320/lib/ruby/1.9.1/timeout.rb:89:in `timeout'
/Users/john/.rvm/gems/ruby-1.9.2-p320@r9/gems/net-http-persistent-2.8/lib/net/http/persistent/ssl_reuse.rb:29:in `connect'
/Users/john/.rvm/rubies/ruby-1.9.2-p320/lib/ruby/1.9.1/net/http.rb:637:in `do_start'
/Users/john/.rvm/rubies/ruby-1.9.2-p320/lib/ruby/1.9.1/net/http.rb:632:in `start'
/Users/john/.rvm/gems/ruby-1.9.2-p320@r9/gems/net-http-persistent-2.8/lib/net/http/persistent.rb:628:in `start'
/Users/john/.rvm/gems/ruby-1.9.2-p320@r9/gems/net-http-persistent-2.8/lib/net/http/persistent.rb:888:in `reset'
/Users/john/.rvm/gems/ruby-1.9.2-p320@r9/gems/net-http-persistent-2.8/lib/net/http/persistent.rb:567:in `connection_for'
/Users/john/.rvm/gems/ruby-1.9.2-p320@r9/gems/net-http-persistent-2.8/lib/net/http/persistent.rb:926:in `request'
/Users/john/.rvm/gems/ruby-1.9.2-p320@r9/gems/mechanize-2.5.1/lib/mechanize/http/agent.rb:258:in `fetch'
/Users/john/.rvm/gems/ruby-1.9.2-p320@r9/gems/mechanize-2.5.1/lib/mechanize.rb:407:in `get'
/Users/john/workspaces/voa/lib/ehtml.rb:15:in `get_page'
main.rb:14:in `block in <main>'
main.rb:12:in `each'
main.rb:12:in `<main>'
E, [2012-11-02 22:03:06#1189] ERROR -- : getaddrinfo: nodename nor servname provided, or not known (SocketError)
/Users/john/.rvm/gems/ruby-1.9.2-p320@r9/gems/net-http-persistent-2.8/lib/net/http/persistent/ssl_reuse.rb:29:in `initialize'
/Users/john/.rvm/gems/ruby-1.9.2-p320@r9/gems/net-http-persistent-2.8/lib/net/http/persistent/ssl_reuse.rb:29:in `open'
/Users/john/.rvm/gems/ruby-1.9.2-p320@r9/gems/net-http-persistent-2.8/lib/net/http/persistent/ssl_reuse.rb:29:in `block in connect'
/Users/john/.rvm/rubies/ruby-1.9.2-p320/lib/ruby/1.9.1/timeout.rb:44:in `timeout'
/Users/john/.rvm/rubies/ruby-1.9.2-p320/lib/ruby/1.9.1/timeout.rb:89:in `timeout'
/Users/john/.rvm/gems/ruby-1.9.2-p320@r9/gems/net-http-persistent-2.8/lib/net/http/persistent/ssl_reuse.rb:29:in `connect'
/Users/john/.rvm/rubies/ruby-1.9.2-p320/lib/ruby/1.9.1/net/http.rb:637:in `do_start'
/Users/john/.rvm/rubies/ruby-1.9.2-p320/lib/ruby/1.9.1/net/http.rb:632:in `start'
/Users/john/.rvm/gems/ruby-1.9.2-p320@r9/gems/net-http-persistent-2.8/lib/net/http/persistent.rb:628:in `start'
/Users/john/.rvm/gems/ruby-1.9.2-p320@r9/gems/net-http-persistent-2.8/lib/net/http/persistent.rb:888:in `reset'
/Users/john/.rvm/gems/ruby-1.9.2-p320@r9/gems/net-http-persistent-2.8/lib/net/http/persistent.rb:567:in `connection_for'
/Users/john/.rvm/gems/ruby-1.9.2-p320@r9/gems/net-http-persistent-2.8/lib/net/http/persistent.rb:926:in `request'
/Users/john/.rvm/gems/ruby-1.9.2-p320@r9/gems/mechanize-2.5.1/lib/mechanize/http/agent.rb:258:in `fetch'
/Users/john/.rvm/gems/ruby-1.9.2-p320@r9/gems/mechanize-2.5.1/lib/mechanize.rb:407:in `get'
/Users/john/workspaces/voa/lib/ehtml.rb:15:in `get_page'
main.rb:14:in `block in <main>'
main.rb:12:in `each'
main.rb:12:in `<main>'
E, [2012-11-02 22:03:06#1189] ERROR -- : getaddrinfo: nodename nor servname provided, or not known (SocketError)
/Users/john/.rvm/gems/ruby-1.9.2-p320@r9/gems/net-http-persistent-2.8/lib/net/http/persistent/ssl_reuse.rb:29:in `initialize'
/Users/john/.rvm/gems/ruby-1.9.2-p320@r9/gems/net-http-persistent-2.8/lib/net/http/persistent/ssl_reuse.rb:29:in `open'
/Users/john/.rvm/gems/ruby-1.9.2-p320@r9/gems/net-http-persistent-2.8/lib/net/http/persistent/ssl_reuse.rb:29:in `block in connect'
/Users/john/.rvm/rubies/ruby-1.9.2-p320/lib/ruby/1.9.1/timeout.rb:44:in `timeout'
/Users/john/.rvm/rubies/ruby-1.9.2-p320/lib/ruby/1.9.1/timeout.rb:89:in `timeout'
/Users/john/.rvm/gems/ruby-1.9.2-p320@r9/gems/net-http-persistent-2.8/lib/net/http/persistent/ssl_reuse.rb:29:in `connect'
/Users/john/.rvm/rubies/ruby-1.9.2-p320/lib/ruby/1.9.1/net/http.rb:637:in `do_start'
/Users/john/.rvm/rubies/ruby-1.9.2-p320/lib/ruby/1.9.1/net/http.rb:632:in `start'
/Users/john/.rvm/gems/ruby-1.9.2-p320@r9/gems/net-http-persistent-2.8/lib/net/http/persistent.rb:628:in `start'
/Users/john/.rvm/gems/ruby-1.9.2-p320@r9/gems/net-http-persistent-2.8/lib/net/http/persistent.rb:888:in `reset'
/Users/john/.rvm/gems/ruby-1.9.2-p320@r9/gems/net-http-persistent-2.8/lib/net/http/persistent.rb:567:in `connection_for'
/Users/john/.rvm/gems/ruby-1.9.2-p320@r9/gems/net-http-persistent-2.8/lib/net/http/persistent.rb:926:in `request'
/Users/john/.rvm/gems/ruby-1.9.2-p320@r9/gems/mechanize-2.5.1/lib/mechanize/http/agent.rb:258:in `fetch'
/Users/john/.rvm/gems/ruby-1.9.2-p320@r9/gems/mechanize-2.5.1/lib/mechanize.rb:407:in `get'
/Users/john/workspaces/voa/lib/ehtml.rb:15:in `get_page'
main.rb:14:in `block in <main>'
main.rb:12:in `each'
main.rb:12:in `<main>'
E, [2012-11-02 22:03:06#1189] ERROR -- : getaddrinfo: nodename nor servname provided, or not known (SocketError)
/Users/john/.rvm/gems/ruby-1.9.2-p320@r9/gems/net-http-persistent-2.8/lib/net/http/persistent/ssl_reuse.rb:29:in `initialize'
/Users/john/.rvm/gems/ruby-1.9.2-p320@r9/gems/net-http-persistent-2.8/lib/net/http/persistent/ssl_reuse.rb:29:in `open'
/Users/john/.rvm/gems/ruby-1.9.2-p320@r9/gems/net-http-persistent-2.8/lib/net/http/persistent/ssl_reuse.rb:29:in `block in connect'
/Users/john/.rvm/rubies/ruby-1.9.2-p320/lib/ruby/1.9.1/timeout.rb:44:in `timeout'
/Users/john/.rvm/rubies/ruby-1.9.2-p320/lib/ruby/1.9.1/timeout.rb:89:in `timeout'
/Users/john/.rvm/gems/ruby-1.9.2-p320@r9/gems/net-http-persistent-2.8/lib/net/http/persistent/ssl_reuse.rb:29:in `connect'
/Users/john/.rvm/rubies/ruby-1.9.2-p320/lib/ruby/1.9.1/net/http.rb:637:in `do_start'
/Users/john/.rvm/rubies/ruby-1.9.2-p320/lib/ruby/1.9.1/net/http.rb:632:in `start'
/Users/john/.rvm/gems/ruby-1.9.2-p320@r9/gems/net-http-persistent-2.8/lib/net/http/persistent.rb:628:in `start'
/Users/john/.rvm/gems/ruby-1.9.2-p320@r9/gems/net-http-persistent-2.8/lib/net/http/persistent.rb:888:in `reset'
/Users/john/.rvm/gems/ruby-1.9.2-p320@r9/gems/net-http-persistent-2.8/lib/net/http/persistent.rb:567:in `connection_for'
/Users/john/.rvm/gems/ruby-1.9.2-p320@r9/gems/net-http-persistent-2.8/lib/net/http/persistent.rb:926:in `request'
/Users/john/.rvm/gems/ruby-1.9.2-p320@r9/gems/mechanize-2.5.1/lib/mechanize/http/agent.rb:258:in `fetch'
/Users/john/.rvm/gems/ruby-1.9.2-p320@r9/gems/mechanize-2.5.1/lib/mechanize.rb:407:in `get'
/Users/john/workspaces/voa/lib/ehtml.rb:15:in `get_page'
main.rb:14:in `block in <main>'
main.rb:12:in `each'
main.rb:12:in `<main>'
E, [2012-11-02 22:03:06#1189] ERROR -- : getaddrinfo: nodename nor servname provided, or not known (SocketError)
/Users/john/.rvm/gems/ruby-1.9.2-p320@r9/gems/net-http-persistent-2.8/lib/net/http/persistent/ssl_reuse.rb:29:in `initialize'
/Users/john/.rvm/gems/ruby-1.9.2-p320@r9/gems/net-http-persistent-2.8/lib/net/http/persistent/ssl_reuse.rb:29:in `open'
/Users/john/.rvm/gems/ruby-1.9.2-p320@r9/gems/net-http-persistent-2.8/lib/net/http/persistent/ssl_reuse.rb:29:in `block in connect'
/Users/john/.rvm/rubies/ruby-1.9.2-p320/lib/ruby/1.9.1/timeout.rb:44:in `timeout'
/Users/john/.rvm/rubies/ruby-1.9.2-p320/lib/ruby/1.9.1/timeout.rb:89:in `timeout'
/Users/john/.rvm/gems/ruby-1.9.2-p320@r9/gems/net-http-persistent-2.8/lib/net/http/persistent/ssl_reuse.rb:29:in `connect'
/Users/john/.rvm/rubies/ruby-1.9.2-p320/lib/ruby/1.9.1/net/http.rb:637:in `do_start'
/Users/john/.rvm/rubies/ruby-1.9.2-p320/lib/ruby/1.9.1/net/http.rb:632:in `start'
/Users/john/.rvm/gems/ruby-1.9.2-p320@r9/gems/net-http-persistent-2.8/lib/net/http/persistent.rb:628:in `start'
/Users/john/.rvm/gems/ruby-1.9.2-p320@r9/gems/net-http-persistent-2.8/lib/net/http/persistent.rb:888:in `reset'
/Users/john/.rvm/gems/ruby-1.9.2-p320@r9/gems/net-http-persistent-2.8/lib/net/http/persistent.rb:567:in `connection_for'
/Users/john/.rvm/gems/ruby-1.9.2-p320@r9/gems/net-http-persistent-2.8/lib/net/http/persistent.rb:926:in `request'
/Users/john/.rvm/gems/ruby-1.9.2-p320@r9/gems/mechanize-2.5.1/lib/mechanize/http/agent.rb:258:in `fetch'
/Users/john/.rvm/gems/ruby-1.9.2-p320@r9/gems/mechanize-2.5.1/lib/mechanize.rb:407:in `get'
/Users/john/workspaces/voa/lib/ehtml.rb:15:in `get_page'
main.rb:14:in `block in <main>'
main.rb:12:in `each'
main.rb:12:in `<main>'
E, [2012-11-02 22:03:06#1189] ERROR -- : getaddrinfo: nodename nor servname provided, or not known (SocketError)
/Users/john/.rvm/gems/ruby-1.9.2-p320@r9/gems/net-http-persistent-2.8/lib/net/http/persistent/ssl_reuse.rb:29:in `initialize'
/Users/john/.rvm/gems/ruby-1.9.2-p320@r9/gems/net-http-persistent-2.8/lib/net/http/persistent/ssl_reuse.rb:29:in `open'
/Users/john/.rvm/gems/ruby-1.9.2-p320@r9/gems/net-http-persistent-2.8/lib/net/http/persistent/ssl_reuse.rb:29:in `block in connect'
/Users/john/.rvm/rubies/ruby-1.9.2-p320/lib/ruby/1.9.1/timeout.rb:44:in `timeout'
/Users/john/.rvm/rubies/ruby-1.9.2-p320/lib/ruby/1.9.1/timeout.rb:89:in `timeout'
/Users/john/.rvm/gems/ruby-1.9.2-p320@r9/gems/net-http-persistent-2.8/lib/net/http/persistent/ssl_reuse.rb:29:in `connect'
/Users/john/.rvm/rubies/ruby-1.9.2-p320/lib/ruby/1.9.1/net/http.rb:637:in `do_start'
/Users/john/.rvm/rubies/ruby-1.9.2-p320/lib/ruby/1.9.1/net/http.rb:632:in `start'
/Users/john/.rvm/gems/ruby-1.9.2-p320@r9/gems/net-http-persistent-2.8/lib/net/http/persistent.rb:628:in `start'
/Users/john/.rvm/gems/ruby-1.9.2-p320@r9/gems/net-http-persistent-2.8/lib/net/http/persistent.rb:888:in `reset'
/Users/john/.rvm/gems/ruby-1.9.2-p320@r9/gems/net-http-persistent-2.8/lib/net/http/persistent.rb:567:in `connection_for'
/Users/john/.rvm/gems/ruby-1.9.2-p320@r9/gems/net-http-persistent-2.8/lib/net/http/persistent.rb:926:in `request'
/Users/john/.rvm/gems/ruby-1.9.2-p320@r9/gems/mechanize-2.5.1/lib/mechanize/http/agent.rb:258:in `fetch'
/Users/john/.rvm/gems/ruby-1.9.2-p320@r9/gems/mechanize-2.5.1/lib/mechanize.rb:407:in `get'
/Users/john/workspaces/voa/lib/ehtml.rb:15:in `get_page'
main.rb:14:in `block in <main>'
main.rb:12:in `each'
main.rb:12:in `<main>'
E, [2012-11-02 22:03:06#1189] ERROR -- : getaddrinfo: nodename nor servname provided, or not known (SocketError)
/Users/john/.rvm/gems/ruby-1.9.2-p320@r9/gems/net-http-persistent-2.8/lib/net/http/persistent/ssl_reuse.rb:29:in `initialize'
/Users/john/.rvm/gems/ruby-1.9.2-p320@r9/gems/net-http-persistent-2.8/lib/net/http/persistent/ssl_reuse.rb:29:in `open'
/Users/john/.rvm/gems/ruby-1.9.2-p320@r9/gems/net-http-persistent-2.8/lib/net/http/persistent/ssl_reuse.rb:29:in `block in connect'
/Users/john/.rvm/rubies/ruby-1.9.2-p320/lib/ruby/1.9.1/timeout.rb:44:in `timeout'
/Users/john/.rvm/rubies/ruby-1.9.2-p320/lib/ruby/1.9.1/timeout.rb:89:in `timeout'
/Users/john/.rvm/gems/ruby-1.9.2-p320@r9/gems/net-http-persistent-2.8/lib/net/http/persistent/ssl_reuse.rb:29:in `connect'
/Users/john/.rvm/rubies/ruby-1.9.2-p320/lib/ruby/1.9.1/net/http.rb:637:in `do_start'
/Users/john/.rvm/rubies/ruby-1.9.2-p320/lib/ruby/1.9.1/net/http.rb:632:in `start'
/Users/john/.rvm/gems/ruby-1.9.2-p320@r9/gems/net-http-persistent-2.8/lib/net/http/persistent.rb:628:in `start'
/Users/john/.rvm/gems/ruby-1.9.2-p320@r9/gems/net-http-persistent-2.8/lib/net/http/persistent.rb:888:in `reset'
/Users/john/.rvm/gems/ruby-1.9.2-p320@r9/gems/net-http-persistent-2.8/lib/net/http/persistent.rb:567:in `connection_for'
/Users/john/.rvm/gems/ruby-1.9.2-p320@r9/gems/net-http-persistent-2.8/lib/net/http/persistent.rb:926:in `request'
/Users/john/.rvm/gems/ruby-1.9.2-p320@r9/gems/mechanize-2.5.1/lib/mechanize/http/agent.rb:258:in `fetch'
/Users/john/.rvm/gems/ruby-1.9.2-p320@r9/gems/mechanize-2.5.1/lib/mechanize.rb:407:in `get'
/Users/john/workspaces/voa/lib/ehtml.rb:15:in `get_page'
main.rb:14:in `block in <main>'
main.rb:12:in `each'
main.rb:12:in `<main>'
E, [2012-11-02 22:03:06#1189] ERROR -- : getaddrinfo: nodename nor servname provided, or not known (SocketError)
/Users/john/.rvm/gems/ruby-1.9.2-p320@r9/gems/net-http-persistent-2.8/lib/net/http/persistent/ssl_reuse.rb:29:in `initialize'
/Users/john/.rvm/gems/ruby-1.9.2-p320@r9/gems/net-http-persistent-2.8/lib/net/http/persistent/ssl_reuse.rb:29:in `open'
/Users/john/.rvm/gems/ruby-1.9.2-p320@r9/gems/net-http-persistent-2.8/lib/net/http/persistent/ssl_reuse.rb:29:in `block in connect'
/Users/john/.rvm/rubies/ruby-1.9.2-p320/lib/ruby/1.9.1/timeout.rb:44:in `timeout'
/Users/john/.rvm/rubies/ruby-1.9.2-p320/lib/ruby/1.9.1/timeout.rb:89:in `timeout'
/Users/john/.rvm/gems/ruby-1.9.2-p320@r9/gems/net-http-persistent-2.8/lib/net/http/persistent/ssl_reuse.rb:29:in `connect'
/Users/john/.rvm/rubies/ruby-1.9.2-p320/lib/ruby/1.9.1/net/http.rb:637:in `do_start'
/Users/john/.rvm/rubies/ruby-1.9.2-p320/lib/ruby/1.9.1/net/http.rb:632:in `start'
/Users/john/.rvm/gems/ruby-1.9.2-p320@r9/gems/net-http-persistent-2.8/lib/net/http/persistent.rb:628:in `start'
/Users/john/.rvm/gems/ruby-1.9.2-p320@r9/gems/net-http-persistent-2.8/lib/net/http/persistent.rb:888:in `reset'
/Users/john/.rvm/gems/ruby-1.9.2-p320@r9/gems/net-http-persistent-2.8/lib/net/http/persistent.rb:567:in `connection_for'
/Users/john/.rvm/gems/ruby-1.9.2-p320@r9/gems/net-http-persistent-2.8/lib/net/http/persistent.rb:926:in `request'
/Users/john/.rvm/gems/ruby-1.9.2-p320@r9/gems/mechanize-2.5.1/lib/mechanize/http/agent.rb:258:in `fetch'
/Users/john/.rvm/gems/ruby-1.9.2-p320@r9/gems/mechanize-2.5.1/lib/mechanize.rb:407:in `get'
/Users/john/workspaces/voa/lib/ehtml.rb:15:in `get_page'
main.rb:14:in `block in <main>'
main.rb:12:in `each'
main.rb:12:in `<main>'
E, [2012-11-02 22:03:06#1189] ERROR -- : getaddrinfo: nodename nor servname provided, or not known (SocketError)
/Users/john/.rvm/gems/ruby-1.9.2-p320@r9/gems/net-http-persistent-2.8/lib/net/http/persistent/ssl_reuse.rb:29:in `initialize'
/Users/john/.rvm/gems/ruby-1.9.2-p320@r9/gems/net-http-persistent-2.8/lib/net/http/persistent/ssl_reuse.rb:29:in `open'
/Users/john/.rvm/gems/ruby-1.9.2-p320@r9/gems/net-http-persistent-2.8/lib/net/http/persistent/ssl_reuse.rb:29:in `block in connect'
/Users/john/.rvm/rubies/ruby-1.9.2-p320/lib/ruby/1.9.1/timeout.rb:44:in `timeout'
/Users/john/.rvm/rubies/ruby-1.9.2-p320/lib/ruby/1.9.1/timeout.rb:89:in `timeout'
/Users/john/.rvm/gems/ruby-1.9.2-p320@r9/gems/net-http-persistent-2.8/lib/net/http/persistent/ssl_reuse.rb:29:in `connect'
/Users/john/.rvm/rubies/ruby-1.9.2-p320/lib/ruby/1.9.1/net/http.rb:637:in `do_start'
/Users/john/.rvm/rubies/ruby-1.9.2-p320/lib/ruby/1.9.1/net/http.rb:632:in `start'
/Users/john/.rvm/gems/ruby-1.9.2-p320@r9/gems/net-http-persistent-2.8/lib/net/http/persistent.rb:628:in `start'
/Users/john/.rvm/gems/ruby-1.9.2-p320@r9/gems/net-http-persistent-2.8/lib/net/http/persistent.rb:888:in `reset'
/Users/john/.rvm/gems/ruby-1.9.2-p320@r9/gems/net-http-persistent-2.8/lib/net/http/persistent.rb:567:in `connection_for'
/Users/john/.rvm/gems/ruby-1.9.2-p320@r9/gems/net-http-persistent-2.8/lib/net/http/persistent.rb:926:in `request'
/Users/john/.rvm/gems/ruby-1.9.2-p320@r9/gems/mechanize-2.5.1/lib/mechanize/http/agent.rb:258:in `fetch'
/Users/john/.rvm/gems/ruby-1.9.2-p320@r9/gems/mechanize-2.5.1/lib/mechanize.rb:407:in `get'
/Users/john/workspaces/voa/lib/ehtml.rb:15:in `get_page'
main.rb:14:in `block in <main>'
main.rb:12:in `each'
main.rb:12:in `<main>'
E, [2012-11-02 22:03:06#1189] ERROR -- : getaddrinfo: nodename nor servname provided, or not known (SocketError)
/Users/john/.rvm/gems/ruby-1.9.2-p320@r9/gems/net-http-persistent-2.8/lib/net/http/persistent/ssl_reuse.rb:29:in `initialize'
/Users/john/.rvm/gems/ruby-1.9.2-p320@r9/gems/net-http-persistent-2.8/lib/net/http/persistent/ssl_reuse.rb:29:in `open'
/Users/john/.rvm/gems/ruby-1.9.2-p320@r9/gems/net-http-persistent-2.8/lib/net/http/persistent/ssl_reuse.rb:29:in `block in connect'
/Users/john/.rvm/rubies/ruby-1.9.2-p320/lib/ruby/1.9.1/timeout.rb:44:in `timeout'
/Users/john/.rvm/rubies/ruby-1.9.2-p320/lib/ruby/1.9.1/timeout.rb:89:in `timeout'
/Users/john/.rvm/gems/ruby-1.9.2-p320@r9/gems/net-http-persistent-2.8/lib/net/http/persistent/ssl_reuse.rb:29:in `connect'
/Users/john/.rvm/rubies/ruby-1.9.2-p320/lib/ruby/1.9.1/net/http.rb:637:in `do_start'
/Users/john/.rvm/rubies/ruby-1.9.2-p320/lib/ruby/1.9.1/net/http.rb:632:in `start'
/Users/john/.rvm/gems/ruby-1.9.2-p320@r9/gems/net-http-persistent-2.8/lib/net/http/persistent.rb:628:in `start'
/Users/john/.rvm/gems/ruby-1.9.2-p320@r9/gems/net-http-persistent-2.8/lib/net/http/persistent.rb:888:in `reset'
/Users/john/.rvm/gems/ruby-1.9.2-p320@r9/gems/net-http-persistent-2.8/lib/net/http/persistent.rb:567:in `connection_for'
/Users/john/.rvm/gems/ruby-1.9.2-p320@r9/gems/net-http-persistent-2.8/lib/net/http/persistent.rb:926:in `request'
/Users/john/.rvm/gems/ruby-1.9.2-p320@r9/gems/mechanize-2.5.1/lib/mechanize/http/agent.rb:258:in `fetch'
/Users/john/.rvm/gems/ruby-1.9.2-p320@r9/gems/mechanize-2.5.1/lib/mechanize.rb:407:in `get'
/Users/john/workspaces/voa/lib/ehtml.rb:15:in `get_page'
main.rb:14:in `block in <main>'
main.rb:12:in `each'
main.rb:12:in `<main>'
E, [2012-11-02 22:03:06#1189] ERROR -- : getaddrinfo: nodename nor servname provided, or not known (SocketError)
/Users/john/.rvm/gems/ruby-1.9.2-p320@r9/gems/net-http-persistent-2.8/lib/net/http/persistent/ssl_reuse.rb:29:in `initialize'
/Users/john/.rvm/gems/ruby-1.9.2-p320@r9/gems/net-http-persistent-2.8/lib/net/http/persistent/ssl_reuse.rb:29:in `open'
/Users/john/.rvm/gems/ruby-1.9.2-p320@r9/gems/net-http-persistent-2.8/lib/net/http/persistent/ssl_reuse.rb:29:in `block in connect'
/Users/john/.rvm/rubies/ruby-1.9.2-p320/lib/ruby/1.9.1/timeout.rb:44:in `timeout'
/Users/john/.rvm/rubies/ruby-1.9.2-p320/lib/ruby/1.9.1/timeout.rb:89:in `timeout'
/Users/john/.rvm/gems/ruby-1.9.2-p320@r9/gems/net-http-persistent-2.8/lib/net/http/persistent/ssl_reuse.rb:29:in `connect'
/Users/john/.rvm/rubies/ruby-1.9.2-p320/lib/ruby/1.9.1/net/http.rb:637:in `do_start'
/Users/john/.rvm/rubies/ruby-1.9.2-p320/lib/ruby/1.9.1/net/http.rb:632:in `start'
/Users/john/.rvm/gems/ruby-1.9.2-p320@r9/gems/net-http-persistent-2.8/lib/net/http/persistent.rb:628:in `start'
/Users/john/.rvm/gems/ruby-1.9.2-p320@r9/gems/net-http-persistent-2.8/lib/net/http/persistent.rb:888:in `reset'
/Users/john/.rvm/gems/ruby-1.9.2-p320@r9/gems/net-http-persistent-2.8/lib/net/http/persistent.rb:567:in `connection_for'
/Users/john/.rvm/gems/ruby-1.9.2-p320@r9/gems/net-http-persistent-2.8/lib/net/http/persistent.rb:926:in `request'
/Users/john/.rvm/gems/ruby-1.9.2-p320@r9/gems/mechanize-2.5.1/lib/mechanize/http/agent.rb:258:in `fetch'
/Users/john/.rvm/gems/ruby-1.9.2-p320@r9/gems/mechanize-2.5.1/lib/mechanize.rb:407:in `get'
/Users/john/workspaces/voa/lib/ehtml.rb:15:in `get_page'
main.rb:14:in `block in <main>'
main.rb:12:in `each'
main.rb:12:in `<main>'
E, [2012-11-02 22:03:06#1189] ERROR -- : getaddrinfo: nodename nor servname provided, or not known (SocketError)
/Users/john/.rvm/gems/ruby-1.9.2-p320@r9/gems/net-http-persistent-2.8/lib/net/http/persistent/ssl_reuse.rb:29:in `initialize'
/Users/john/.rvm/gems/ruby-1.9.2-p320@r9/gems/net-http-persistent-2.8/lib/net/http/persistent/ssl_reuse.rb:29:in `open'
/Users/john/.rvm/gems/ruby-1.9.2-p320@r9/gems/net-http-persistent-2.8/lib/net/http/persistent/ssl_reuse.rb:29:in `block in connect'
/Users/john/.rvm/rubies/ruby-1.9.2-p320/lib/ruby/1.9.1/timeout.rb:44:in `timeout'
/Users/john/.rvm/rubies/ruby-1.9.2-p320/lib/ruby/1.9.1/timeout.rb:89:in `timeout'
/Users/john/.rvm/gems/ruby-1.9.2-p320@r9/gems/net-http-persistent-2.8/lib/net/http/persistent/ssl_reuse.rb:29:in `connect'
/Users/john/.rvm/rubies/ruby-1.9.2-p320/lib/ruby/1.9.1/net/http.rb:637:in `do_start'
/Users/john/.rvm/rubies/ruby-1.9.2-p320/lib/ruby/1.9.1/net/http.rb:632:in `start'
/Users/john/.rvm/gems/ruby-1.9.2-p320@r9/gems/net-http-persistent-2.8/lib/net/http/persistent.rb:628:in `start'
/Users/john/.rvm/gems/ruby-1.9.2-p320@r9/gems/net-http-persistent-2.8/lib/net/http/persistent.rb:888:in `reset'
/Users/john/.rvm/gems/ruby-1.9.2-p320@r9/gems/net-http-persistent-2.8/lib/net/http/persistent.rb:567:in `connection_for'
/Users/john/.rvm/gems/ruby-1.9.2-p320@r9/gems/net-http-persistent-2.8/lib/net/http/persistent.rb:926:in `request'
/Users/john/.rvm/gems/ruby-1.9.2-p320@r9/gems/mechanize-2.5.1/lib/mechanize/http/agent.rb:258:in `fetch'
/Users/john/.rvm/gems/ruby-1.9.2-p320@r9/gems/mechanize-2.5.1/lib/mechanize.rb:407:in `get'
/Users/john/workspaces/voa/lib/ehtml.rb:15:in `get_page'
main.rb:14:in `block in <main>'
main.rb:12:in `each'
main.rb:12:in `<main>'
E, [2012-11-02 22:03:06#1189] ERROR -- : getaddrinfo: nodename nor servname provided, or not known (SocketError)
/Users/john/.rvm/gems/ruby-1.9.2-p320@r9/gems/net-http-persistent-2.8/lib/net/http/persistent/ssl_reuse.rb:29:in `initialize'
/Users/john/.rvm/gems/ruby-1.9.2-p320@r9/gems/net-http-persistent-2.8/lib/net/http/persistent/ssl_reuse.rb:29:in `open'
/Users/john/.rvm/gems/ruby-1.9.2-p320@r9/gems/net-http-persistent-2.8/lib/net/http/persistent/ssl_reuse.rb:29:in `block in connect'
/Users/john/.rvm/rubies/ruby-1.9.2-p320/lib/ruby/1.9.1/timeout.rb:44:in `timeout'
/Users/john/.rvm/rubies/ruby-1.9.2-p320/lib/ruby/1.9.1/timeout.rb:89:in `timeout'
/Users/john/.rvm/gems/ruby-1.9.2-p320@r9/gems/net-http-persistent-2.8/lib/net/http/persistent/ssl_reuse.rb:29:in `connect'
/Users/john/.rvm/rubies/ruby-1.9.2-p320/lib/ruby/1.9.1/net/http.rb:637:in `do_start'
/Users/john/.rvm/rubies/ruby-1.9.2-p320/lib/ruby/1.9.1/net/http.rb:632:in `start'
/Users/john/.rvm/gems/ruby-1.9.2-p320@r9/gems/net-http-persistent-2.8/lib/net/http/persistent.rb:628:in `start'
/Users/john/.rvm/gems/ruby-1.9.2-p320@r9/gems/net-http-persistent-2.8/lib/net/http/persistent.rb:888:in `reset'
/Users/john/.rvm/gems/ruby-1.9.2-p320@r9/gems/net-http-persistent-2.8/lib/net/http/persistent.rb:567:in `connection_for'
/Users/john/.rvm/gems/ruby-1.9.2-p320@r9/gems/net-http-persistent-2.8/lib/net/http/persistent.rb:926:in `request'
/Users/john/.rvm/gems/ruby-1.9.2-p320@r9/gems/mechanize-2.5.1/lib/mechanize/http/agent.rb:258:in `fetch'
/Users/john/.rvm/gems/ruby-1.9.2-p320@r9/gems/mechanize-2.5.1/lib/mechanize.rb:407:in `get'
/Users/john/workspaces/voa/lib/ehtml.rb:15:in `get_page'
main.rb:14:in `block in <main>'
main.rb:12:in `each'
main.rb:12:in `<main>'
E, [2012-11-02 22:03:06#1189] ERROR -- : getaddrinfo: nodename nor servname provided, or not known (SocketError)
/Users/john/.rvm/gems/ruby-1.9.2-p320@r9/gems/net-http-persistent-2.8/lib/net/http/persistent/ssl_reuse.rb:29:in `initialize'
/Users/john/.rvm/gems/ruby-1.9.2-p320@r9/gems/net-http-persistent-2.8/lib/net/http/persistent/ssl_reuse.rb:29:in `open'
/Users/john/.rvm/gems/ruby-1.9.2-p320@r9/gems/net-http-persistent-2.8/lib/net/http/persistent/ssl_reuse.rb:29:in `block in connect'
/Users/john/.rvm/rubies/ruby-1.9.2-p320/lib/ruby/1.9.1/timeout.rb:44:in `timeout'
/Users/john/.rvm/rubies/ruby-1.9.2-p320/lib/ruby/1.9.1/timeout.rb:89:in `timeout'
/Users/john/.rvm/gems/ruby-1.9.2-p320@r9/gems/net-http-persistent-2.8/lib/net/http/persistent/ssl_reuse.rb:29:in `connect'
/Users/john/.rvm/rubies/ruby-1.9.2-p320/lib/ruby/1.9.1/net/http.rb:637:in `do_start'
/Users/john/.rvm/rubies/ruby-1.9.2-p320/lib/ruby/1.9.1/net/http.rb:632:in `start'
/Users/john/.rvm/gems/ruby-1.9.2-p320@r9/gems/net-http-persistent-2.8/lib/net/http/persistent.rb:628:in `start'
/Users/john/.rvm/gems/ruby-1.9.2-p320@r9/gems/net-http-persistent-2.8/lib/net/http/persistent.rb:888:in `reset'
/Users/john/.rvm/gems/ruby-1.9.2-p320@r9/gems/net-http-persistent-2.8/lib/net/http/persistent.rb:567:in `connection_for'
/Users/john/.rvm/gems/ruby-1.9.2-p320@r9/gems/net-http-persistent-2.8/lib/net/http/persistent.rb:926:in `request'
/Users/john/.rvm/gems/ruby-1.9.2-p320@r9/gems/mechanize-2.5.1/lib/mechanize/http/agent.rb:258:in `fetch'
/Users/john/.rvm/gems/ruby-1.9.2-p320@r9/gems/mechanize-2.5.1/lib/mechanize.rb:407:in `get'
/Users/john/workspaces/voa/lib/ehtml.rb:15:in `get_page'
main.rb:14:in `block in <main>'
main.rb:12:in `each'
main.rb:12:in `<main>'
E, [2012-11-02 22:03:06#1189] ERROR -- : getaddrinfo: nodename nor servname provided, or not known (SocketError)
/Users/john/.rvm/gems/ruby-1.9.2-p320@r9/gems/net-http-persistent-2.8/lib/net/http/persistent/ssl_reuse.rb:29:in `initialize'
/Users/john/.rvm/gems/ruby-1.9.2-p320@r9/gems/net-http-persistent-2.8/lib/net/http/persistent/ssl_reuse.rb:29:in `open'
/Users/john/.rvm/gems/ruby-1.9.2-p320@r9/gems/net-http-persistent-2.8/lib/net/http/persistent/ssl_reuse.rb:29:in `block in connect'
/Users/john/.rvm/rubies/ruby-1.9.2-p320/lib/ruby/1.9.1/timeout.rb:44:in `timeout'
/Users/john/.rvm/rubies/ruby-1.9.2-p320/lib/ruby/1.9.1/timeout.rb:89:in `timeout'
/Users/john/.rvm/gems/ruby-1.9.2-p320@r9/gems/net-http-persistent-2.8/lib/net/http/persistent/ssl_reuse.rb:29:in `connect'
/Users/john/.rvm/rubies/ruby-1.9.2-p320/lib/ruby/1.9.1/net/http.rb:637:in `do_start'
/Users/john/.rvm/rubies/ruby-1.9.2-p320/lib/ruby/1.9.1/net/http.rb:632:in `start'
/Users/john/.rvm/gems/ruby-1.9.2-p320@r9/gems/net-http-persistent-2.8/lib/net/http/persistent.rb:628:in `start'
/Users/john/.rvm/gems/ruby-1.9.2-p320@r9/gems/net-http-persistent-2.8/lib/net/http/persistent.rb:888:in `reset'
/Users/john/.rvm/gems/ruby-1.9.2-p320@r9/gems/net-http-persistent-2.8/lib/net/http/persistent.rb:567:in `connection_for'
/Users/john/.rvm/gems/ruby-1.9.2-p320@r9/gems/net-http-persistent-2.8/lib/net/http/persistent.rb:926:in `request'
/Users/john/.rvm/gems/ruby-1.9.2-p320@r9/gems/mechanize-2.5.1/lib/mechanize/http/agent.rb:258:in `fetch'
/Users/john/.rvm/gems/ruby-1.9.2-p320@r9/gems/mechanize-2.5.1/lib/mechanize.rb:407:in `get'
/Users/john/workspaces/voa/lib/ehtml.rb:15:in `get_page'
main.rb:14:in `block in <main>'
main.rb:12:in `each'
main.rb:12:in `<main>'
E, [2012-11-02 22:03:06#1189] ERROR -- : getaddrinfo: nodename nor servname provided, or not known (SocketError)
/Users/john/.rvm/gems/ruby-1.9.2-p320@r9/gems/net-http-persistent-2.8/lib/net/http/persistent/ssl_reuse.rb:29:in `initialize'
/Users/john/.rvm/gems/ruby-1.9.2-p320@r9/gems/net-http-persistent-2.8/lib/net/http/persistent/ssl_reuse.rb:29:in `open'
/Users/john/.rvm/gems/ruby-1.9.2-p320@r9/gems/net-http-persistent-2.8/lib/net/http/persistent/ssl_reuse.rb:29:in `block in connect'
/Users/john/.rvm/rubies/ruby-1.9.2-p320/lib/ruby/1.9.1/timeout.rb:44:in `timeout'
/Users/john/.rvm/rubies/ruby-1.9.2-p320/lib/ruby/1.9.1/timeout.rb:89:in `timeout'
/Users/john/.rvm/gems/ruby-1.9.2-p320@r9/gems/net-http-persistent-2.8/lib/net/http/persistent/ssl_reuse.rb:29:in `connect'
/Users/john/.rvm/rubies/ruby-1.9.2-p320/lib/ruby/1.9.1/net/http.rb:637:in `do_start'
/Users/john/.rvm/rubies/ruby-1.9.2-p320/lib/ruby/1.9.1/net/http.rb:632:in `start'
/Users/john/.rvm/gems/ruby-1.9.2-p320@r9/gems/net-http-persistent-2.8/lib/net/http/persistent.rb:628:in `start'
/Users/john/.rvm/gems/ruby-1.9.2-p320@r9/gems/net-http-persistent-2.8/lib/net/http/persistent.rb:888:in `reset'
/Users/john/.rvm/gems/ruby-1.9.2-p320@r9/gems/net-http-persistent-2.8/lib/net/http/persistent.rb:567:in `connection_for'
/Users/john/.rvm/gems/ruby-1.9.2-p320@r9/gems/net-http-persistent-2.8/lib/net/http/persistent.rb:926:in `request'
/Users/john/.rvm/gems/ruby-1.9.2-p320@r9/gems/mechanize-2.5.1/lib/mechanize/http/agent.rb:258:in `fetch'
/Users/john/.rvm/gems/ruby-1.9.2-p320@r9/gems/mechanize-2.5.1/lib/mechanize.rb:407:in `get'
/Users/john/workspaces/voa/lib/ehtml.rb:15:in `get_page'
main.rb:14:in `block in <main>'
main.rb:12:in `each'
main.rb:12:in `<main>'
E, [2012-11-02 22:03:06#1189] ERROR -- : getaddrinfo: nodename nor servname provided, or not known (SocketError)
/Users/john/.rvm/gems/ruby-1.9.2-p320@r9/gems/net-http-persistent-2.8/lib/net/http/persistent/ssl_reuse.rb:29:in `initialize'
/Users/john/.rvm/gems/ruby-1.9.2-p320@r9/gems/net-http-persistent-2.8/lib/net/http/persistent/ssl_reuse.rb:29:in `open'
/Users/john/.rvm/gems/ruby-1.9.2-p320@r9/gems/net-http-persistent-2.8/lib/net/http/persistent/ssl_reuse.rb:29:in `block in connect'
/Users/john/.rvm/rubies/ruby-1.9.2-p320/lib/ruby/1.9.1/timeout.rb:44:in `timeout'
/Users/john/.rvm/rubies/ruby-1.9.2-p320/lib/ruby/1.9.1/timeout.rb:89:in `timeout'
/Users/john/.rvm/gems/ruby-1.9.2-p320@r9/gems/net-http-persistent-2.8/lib/net/http/persistent/ssl_reuse.rb:29:in `connect'
/Users/john/.rvm/rubies/ruby-1.9.2-p320/lib/ruby/1.9.1/net/http.rb:637:in `do_start'
/Users/john/.rvm/rubies/ruby-1.9.2-p320/lib/ruby/1.9.1/net/http.rb:632:in `start'
/Users/john/.rvm/gems/ruby-1.9.2-p320@r9/gems/net-http-persistent-2.8/lib/net/http/persistent.rb:628:in `start'
/Users/john/.rvm/gems/ruby-1.9.2-p320@r9/gems/net-http-persistent-2.8/lib/net/http/persistent.rb:888:in `reset'
/Users/john/.rvm/gems/ruby-1.9.2-p320@r9/gems/net-http-persistent-2.8/lib/net/http/persistent.rb:567:in `connection_for'
/Users/john/.rvm/gems/ruby-1.9.2-p320@r9/gems/net-http-persistent-2.8/lib/net/http/persistent.rb:926:in `request'
/Users/john/.rvm/gems/ruby-1.9.2-p320@r9/gems/mechanize-2.5.1/lib/mechanize/http/agent.rb:258:in `fetch'
/Users/john/.rvm/gems/ruby-1.9.2-p320@r9/gems/mechanize-2.5.1/lib/mechanize.rb:407:in `get'
/Users/john/workspaces/voa/lib/ehtml.rb:15:in `get_page'
main.rb:14:in `block in <main>'
main.rb:12:in `each'
main.rb:12:in `<main>'
E, [2012-11-02 22:03:06#1189] ERROR -- : getaddrinfo: nodename nor servname provided, or not known (SocketError)
/Users/john/.rvm/gems/ruby-1.9.2-p320@r9/gems/net-http-persistent-2.8/lib/net/http/persistent/ssl_reuse.rb:29:in `initialize'
/Users/john/.rvm/gems/ruby-1.9.2-p320@r9/gems/net-http-persistent-2.8/lib/net/http/persistent/ssl_reuse.rb:29:in `open'
/Users/john/.rvm/gems/ruby-1.9.2-p320@r9/gems/net-http-persistent-2.8/lib/net/http/persistent/ssl_reuse.rb:29:in `block in connect'
/Users/john/.rvm/rubies/ruby-1.9.2-p320/lib/ruby/1.9.1/timeout.rb:44:in `timeout'
/Users/john/.rvm/rubies/ruby-1.9.2-p320/lib/ruby/1.9.1/timeout.rb:89:in `timeout'
/Users/john/.rvm/gems/ruby-1.9.2-p320@r9/gems/net-http-persistent-2.8/lib/net/http/persistent/ssl_reuse.rb:29:in `connect'
/Users/john/.rvm/rubies/ruby-1.9.2-p320/lib/ruby/1.9.1/net/http.rb:637:in `do_start'
/Users/john/.rvm/rubies/ruby-1.9.2-p320/lib/ruby/1.9.1/net/http.rb:632:in `start'
/Users/john/.rvm/gems/ruby-1.9.2-p320@r9/gems/net-http-persistent-2.8/lib/net/http/persistent.rb:628:in `start'
/Users/john/.rvm/gems/ruby-1.9.2-p320@r9/gems/net-http-persistent-2.8/lib/net/http/persistent.rb:888:in `reset'
/Users/john/.rvm/gems/ruby-1.9.2-p320@r9/gems/net-http-persistent-2.8/lib/net/http/persistent.rb:567:in `connection_for'
/Users/john/.rvm/gems/ruby-1.9.2-p320@r9/gems/net-http-persistent-2.8/lib/net/http/persistent.rb:926:in `request'
/Users/john/.rvm/gems/ruby-1.9.2-p320@r9/gems/mechanize-2.5.1/lib/mechanize/http/agent.rb:258:in `fetch'
/Users/john/.rvm/gems/ruby-1.9.2-p320@r9/gems/mechanize-2.5.1/lib/mechanize.rb:407:in `get'
/Users/john/workspaces/voa/lib/ehtml.rb:15:in `get_page'
main.rb:14:in `block in <main>'
main.rb:12:in `each'
main.rb:12:in `<main>'
E, [2012-11-02 22:03:06#1189] ERROR -- : getaddrinfo: nodename nor servname provided, or not known (SocketError)
/Users/john/.rvm/gems/ruby-1.9.2-p320@r9/gems/net-http-persistent-2.8/lib/net/http/persistent/ssl_reuse.rb:29:in `initialize'
/Users/john/.rvm/gems/ruby-1.9.2-p320@r9/gems/net-http-persistent-2.8/lib/net/http/persistent/ssl_reuse.rb:29:in `open'
/Users/john/.rvm/gems/ruby-1.9.2-p320@r9/gems/net-http-persistent-2.8/lib/net/http/persistent/ssl_reuse.rb:29:in `block in connect'
/Users/john/.rvm/rubies/ruby-1.9.2-p320/lib/ruby/1.9.1/timeout.rb:44:in `timeout'
/Users/john/.rvm/rubies/ruby-1.9.2-p320/lib/ruby/1.9.1/timeout.rb:89:in `timeout'
/Users/john/.rvm/gems/ruby-1.9.2-p320@r9/gems/net-http-persistent-2.8/lib/net/http/persistent/ssl_reuse.rb:29:in `connect'
/Users/john/.rvm/rubies/ruby-1.9.2-p320/lib/ruby/1.9.1/net/http.rb:637:in `do_start'
/Users/john/.rvm/rubies/ruby-1.9.2-p320/lib/ruby/1.9.1/net/http.rb:632:in `start'
/Users/john/.rvm/gems/ruby-1.9.2-p320@r9/gems/net-http-persistent-2.8/lib/net/http/persistent.rb:628:in `start'
/Users/john/.rvm/gems/ruby-1.9.2-p320@r9/gems/net-http-persistent-2.8/lib/net/http/persistent.rb:888:in `reset'
/Users/john/.rvm/gems/ruby-1.9.2-p320@r9/gems/net-http-persistent-2.8/lib/net/http/persistent.rb:567:in `connection_for'
/Users/john/.rvm/gems/ruby-1.9.2-p320@r9/gems/net-http-persistent-2.8/lib/net/http/persistent.rb:926:in `request'
/Users/john/.rvm/gems/ruby-1.9.2-p320@r9/gems/mechanize-2.5.1/lib/mechanize/http/agent.rb:258:in `fetch'
/Users/john/.rvm/gems/ruby-1.9.2-p320@r9/gems/mechanize-2.5.1/lib/mechanize.rb:407:in `get'
/Users/john/workspaces/voa/lib/ehtml.rb:15:in `get_page'
main.rb:14:in `block in <main>'
main.rb:12:in `each'
main.rb:12:in `<main>'
E, [2012-11-02 22:03:06#1189] ERROR -- : getaddrinfo: nodename nor servname provided, or not known (SocketError)
/Users/john/.rvm/gems/ruby-1.9.2-p320@r9/gems/net-http-persistent-2.8/lib/net/http/persistent/ssl_reuse.rb:29:in `initialize'
/Users/john/.rvm/gems/ruby-1.9.2-p320@r9/gems/net-http-persistent-2.8/lib/net/http/persistent/ssl_reuse.rb:29:in `open'
/Users/john/.rvm/gems/ruby-1.9.2-p320@r9/gems/net-http-persistent-2.8/lib/net/http/persistent/ssl_reuse.rb:29:in `block in connect'
/Users/john/.rvm/rubies/ruby-1.9.2-p320/lib/ruby/1.9.1/timeout.rb:44:in `timeout'
/Users/john/.rvm/rubies/ruby-1.9.2-p320/lib/ruby/1.9.1/timeout.rb:89:in `timeout'
/Users/john/.rvm/gems/ruby-1.9.2-p320@r9/gems/net-http-persistent-2.8/lib/net/http/persistent/ssl_reuse.rb:29:in `connect'
/Users/john/.rvm/rubies/ruby-1.9.2-p320/lib/ruby/1.9.1/net/http.rb:637:in `do_start'
/Users/john/.rvm/rubies/ruby-1.9.2-p320/lib/ruby/1.9.1/net/http.rb:632:in `start'
/Users/john/.rvm/gems/ruby-1.9.2-p320@r9/gems/net-http-persistent-2.8/lib/net/http/persistent.rb:628:in `start'
/Users/john/.rvm/gems/ruby-1.9.2-p320@r9/gems/net-http-persistent-2.8/lib/net/http/persistent.rb:888:in `reset'
/Users/john/.rvm/gems/ruby-1.9.2-p320@r9/gems/net-http-persistent-2.8/lib/net/http/persistent.rb:567:in `connection_for'
/Users/john/.rvm/gems/ruby-1.9.2-p320@r9/gems/net-http-persistent-2.8/lib/net/http/persistent.rb:926:in `request'
/Users/john/.rvm/gems/ruby-1.9.2-p320@r9/gems/mechanize-2.5.1/lib/mechanize/http/agent.rb:258:in `fetch'
/Users/john/.rvm/gems/ruby-1.9.2-p320@r9/gems/mechanize-2.5.1/lib/mechanize.rb:407:in `get'
/Users/john/workspaces/voa/lib/ehtml.rb:15:in `get_page'
main.rb:14:in `block in <main>'
main.rb:12:in `each'
main.rb:12:in `<main>'
E, [2012-11-02 22:03:06#1189] ERROR -- : getaddrinfo: nodename nor servname provided, or not known (SocketError)
/Users/john/.rvm/gems/ruby-1.9.2-p320@r9/gems/net-http-persistent-2.8/lib/net/http/persistent/ssl_reuse.rb:29:in `initialize'
/Users/john/.rvm/gems/ruby-1.9.2-p320@r9/gems/net-http-persistent-2.8/lib/net/http/persistent/ssl_reuse.rb:29:in `open'
/Users/john/.rvm/gems/ruby-1.9.2-p320@r9/gems/net-http-persistent-2.8/lib/net/http/persistent/ssl_reuse.rb:29:in `block in connect'
/Users/john/.rvm/rubies/ruby-1.9.2-p320/lib/ruby/1.9.1/timeout.rb:44:in `timeout'
/Users/john/.rvm/rubies/ruby-1.9.2-p320/lib/ruby/1.9.1/timeout.rb:89:in `timeout'
/Users/john/.rvm/gems/ruby-1.9.2-p320@r9/gems/net-http-persistent-2.8/lib/net/http/persistent/ssl_reuse.rb:29:in `connect'
/Users/john/.rvm/rubies/ruby-1.9.2-p320/lib/ruby/1.9.1/net/http.rb:637:in `do_start'
/Users/john/.rvm/rubies/ruby-1.9.2-p320/lib/ruby/1.9.1/net/http.rb:632:in `start'
/Users/john/.rvm/gems/ruby-1.9.2-p320@r9/gems/net-http-persistent-2.8/lib/net/http/persistent.rb:628:in `start'
/Users/john/.rvm/gems/ruby-1.9.2-p320@r9/gems/net-http-persistent-2.8/lib/net/http/persistent.rb:888:in `reset'
/Users/john/.rvm/gems/ruby-1.9.2-p320@r9/gems/net-http-persistent-2.8/lib/net/http/persistent.rb:567:in `connection_for'
/Users/john/.rvm/gems/ruby-1.9.2-p320@r9/gems/net-http-persistent-2.8/lib/net/http/persistent.rb:926:in `request'
/Users/john/.rvm/gems/ruby-1.9.2-p320@r9/gems/mechanize-2.5.1/lib/mechanize/http/agent.rb:258:in `fetch'
/Users/john/.rvm/gems/ruby-1.9.2-p320@r9/gems/mechanize-2.5.1/lib/mechanize.rb:407:in `get'
/Users/john/workspaces/voa/lib/ehtml.rb:15:in `get_page'
main.rb:14:in `block in <main>'
main.rb:12:in `each'
main.rb:12:in `<main>'
E, [2012-11-02 22:03:06#1189] ERROR -- : getaddrinfo: nodename nor servname provided, or not known (SocketError)
/Users/john/.rvm/gems/ruby-1.9.2-p320@r9/gems/net-http-persistent-2.8/lib/net/http/persistent/ssl_reuse.rb:29:in `initialize'
/Users/john/.rvm/gems/ruby-1.9.2-p320@r9/gems/net-http-persistent-2.8/lib/net/http/persistent/ssl_reuse.rb:29:in `open'
/Users/john/.rvm/gems/ruby-1.9.2-p320@r9/gems/net-http-persistent-2.8/lib/net/http/persistent/ssl_reuse.rb:29:in `block in connect'
/Users/john/.rvm/rubies/ruby-1.9.2-p320/lib/ruby/1.9.1/timeout.rb:44:in `timeout'
/Users/john/.rvm/rubies/ruby-1.9.2-p320/lib/ruby/1.9.1/timeout.rb:89:in `timeout'
/Users/john/.rvm/gems/ruby-1.9.2-p320@r9/gems/net-http-persistent-2.8/lib/net/http/persistent/ssl_reuse.rb:29:in `connect'
/Users/john/.rvm/rubies/ruby-1.9.2-p320/lib/ruby/1.9.1/net/http.rb:637:in `do_start'
/Users/john/.rvm/rubies/ruby-1.9.2-p320/lib/ruby/1.9.1/net/http.rb:632:in `start'
/Users/john/.rvm/gems/ruby-1.9.2-p320@r9/gems/net-http-persistent-2.8/lib/net/http/persistent.rb:628:in `start'
/Users/john/.rvm/gems/ruby-1.9.2-p320@r9/gems/net-http-persistent-2.8/lib/net/http/persistent.rb:888:in `reset'
/Users/john/.rvm/gems/ruby-1.9.2-p320@r9/gems/net-http-persistent-2.8/lib/net/http/persistent.rb:567:in `connection_for'
/Users/john/.rvm/gems/ruby-1.9.2-p320@r9/gems/net-http-persistent-2.8/lib/net/http/persistent.rb:926:in `request'
/Users/john/.rvm/gems/ruby-1.9.2-p320@r9/gems/mechanize-2.5.1/lib/mechanize/http/agent.rb:258:in `fetch'
/Users/john/.rvm/gems/ruby-1.9.2-p320@r9/gems/mechanize-2.5.1/lib/mechanize.rb:407:in `get'
/Users/john/workspaces/voa/lib/ehtml.rb:15:in `get_page'
main.rb:14:in `block in <main>'
main.rb:12:in `each'
main.rb:12:in `<main>'
E, [2012-11-02 22:03:06#1189] ERROR -- : getaddrinfo: nodename nor servname provided, or not known (SocketError)
/Users/john/.rvm/gems/ruby-1.9.2-p320@r9/gems/net-http-persistent-2.8/lib/net/http/persistent/ssl_reuse.rb:29:in `initialize'
/Users/john/.rvm/gems/ruby-1.9.2-p320@r9/gems/net-http-persistent-2.8/lib/net/http/persistent/ssl_reuse.rb:29:in `open'
/Users/john/.rvm/gems/ruby-1.9.2-p320@r9/gems/net-http-persistent-2.8/lib/net/http/persistent/ssl_reuse.rb:29:in `block in connect'
/Users/john/.rvm/rubies/ruby-1.9.2-p320/lib/ruby/1.9.1/timeout.rb:44:in `timeout'
/Users/john/.rvm/rubies/ruby-1.9.2-p320/lib/ruby/1.9.1/timeout.rb:89:in `timeout'
/Users/john/.rvm/gems/ruby-1.9.2-p320@r9/gems/net-http-persistent-2.8/lib/net/http/persistent/ssl_reuse.rb:29:in `connect'
/Users/john/.rvm/rubies/ruby-1.9.2-p320/lib/ruby/1.9.1/net/http.rb:637:in `do_start'
/Users/john/.rvm/rubies/ruby-1.9.2-p320/lib/ruby/1.9.1/net/http.rb:632:in `start'
/Users/john/.rvm/gems/ruby-1.9.2-p320@r9/gems/net-http-persistent-2.8/lib/net/http/persistent.rb:628:in `start'
/Users/john/.rvm/gems/ruby-1.9.2-p320@r9/gems/net-http-persistent-2.8/lib/net/http/persistent.rb:888:in `reset'
/Users/john/.rvm/gems/ruby-1.9.2-p320@r9/gems/net-http-persistent-2.8/lib/net/http/persistent.rb:567:in `connection_for'
/Users/john/.rvm/gems/ruby-1.9.2-p320@r9/gems/net-http-persistent-2.8/lib/net/http/persistent.rb:926:in `request'
/Users/john/.rvm/gems/ruby-1.9.2-p320@r9/gems/mechanize-2.5.1/lib/mechanize/http/agent.rb:258:in `fetch'
/Users/john/.rvm/gems/ruby-1.9.2-p320@r9/gems/mechanize-2.5.1/lib/mechanize.rb:407:in `get'
/Users/john/workspaces/voa/lib/ehtml.rb:15:in `get_page'
main.rb:14:in `block in <main>'
main.rb:12:in `each'
main.rb:12:in `<main>'
E, [2012-11-02 22:03:06#1189] ERROR -- : getaddrinfo: nodename nor servname provided, or not known (SocketError)
/Users/john/.rvm/gems/ruby-1.9.2-p320@r9/gems/net-http-persistent-2.8/lib/net/http/persistent/ssl_reuse.rb:29:in `initialize'
/Users/john/.rvm/gems/ruby-1.9.2-p320@r9/gems/net-http-persistent-2.8/lib/net/http/persistent/ssl_reuse.rb:29:in `open'
/Users/john/.rvm/gems/ruby-1.9.2-p320@r9/gems/net-http-persistent-2.8/lib/net/http/persistent/ssl_reuse.rb:29:in `block in connect'
/Users/john/.rvm/rubies/ruby-1.9.2-p320/lib/ruby/1.9.1/timeout.rb:44:in `timeout'
/Users/john/.rvm/rubies/ruby-1.9.2-p320/lib/ruby/1.9.1/timeout.rb:89:in `timeout'
/Users/john/.rvm/gems/ruby-1.9.2-p320@r9/gems/net-http-persistent-2.8/lib/net/http/persistent/ssl_reuse.rb:29:in `connect'
/Users/john/.rvm/rubies/ruby-1.9.2-p320/lib/ruby/1.9.1/net/http.rb:637:in `do_start'
/Users/john/.rvm/rubies/ruby-1.9.2-p320/lib/ruby/1.9.1/net/http.rb:632:in `start'
/Users/john/.rvm/gems/ruby-1.9.2-p320@r9/gems/net-http-persistent-2.8/lib/net/http/persistent.rb:628:in `start'
/Users/john/.rvm/gems/ruby-1.9.2-p320@r9/gems/net-http-persistent-2.8/lib/net/http/persistent.rb:888:in `reset'
/Users/john/.rvm/gems/ruby-1.9.2-p320@r9/gems/net-http-persistent-2.8/lib/net/http/persistent.rb:567:in `connection_for'
/Users/john/.rvm/gems/ruby-1.9.2-p320@r9/gems/net-http-persistent-2.8/lib/net/http/persistent.rb:926:in `request'
/Users/john/.rvm/gems/ruby-1.9.2-p320@r9/gems/mechanize-2.5.1/lib/mechanize/http/agent.rb:258:in `fetch'
/Users/john/.rvm/gems/ruby-1.9.2-p320@r9/gems/mechanize-2.5.1/lib/mechanize.rb:407:in `get'
/Users/john/workspaces/voa/lib/ehtml.rb:15:in `get_page'
main.rb:14:in `block in <main>'
main.rb:12:in `each'
main.rb:12:in `<main>'
E, [2012-11-02 22:39:40#7839] ERROR -- : url http://down.51voa.com/201211/special_news_02Nov12.mp3
E, [2012-11-02 22:39:40#7839] ERROR -- : url http://down.51voa.com/201211/China_Congress_Economy_16x9_WEB-FCPImportProResP1-fixed-x264-Platform_YTHDFull__780204.mp3
E, [2012-11-02 22:39:43#7839] ERROR -- : url http://down.51voa.com/201211/Europe_-_US_Elections_-_web_version_HD_-_Computer-FCPImportProResP1-fixed-x264-Platform_YTHDFull__208361.mp3
E, [2012-11-02 22:39:46#7839] ERROR -- : url http://down.51voa.com/201211/UNEMPLOYMENT_AND_VOTING_web-fixed-x264-Platform_YTHQFull__208888.mp3
E, [2012-11-02 22:39:46#7839] ERROR -- : url http://down.51voa.com/201211/WEB_Sandy_Climate_Change[dur=00,02,26]_-fixed-x264-Platform_YTHQFull__747835.mp3
E, [2012-11-02 22:39:47#7839] ERROR -- : url http://down.51voa.com/201211/US_Election_Global_Economy_WEB-FCPImportProResP1-fixed-x264-Platform_YTHQFull__096892.mp3
E, [2012-11-02 22:39:47#7839] ERROR -- : url 
E, [2012-11-02 22:39:48#7839] ERROR -- : url http://down.51voa.com/201211/how074.mp3
E, [2012-11-02 22:39:49#7839] ERROR -- : url http://down.51voa.com/201211/eng25-075.mp3
E, [2012-11-02 22:39:50#7839] ERROR -- : url http://down.51voa.com/201210/se-health-gmo-food-dispute-31oct12-web.mp3
E, [2012-11-02 22:39:53#7839] ERROR -- : url http://down.51voa.com/201210/se-exp-edwin-hubble-31oct12.mp3
E, [2012-11-02 22:39:53#7839] ERROR -- : url http://down.51voa.com/201210/Catalonia_Independence_16x9_WEB-FCPImportProResP1-fixed-x264-Platform_YTHDFull__239859.mp3
E, [2012-11-02 22:39:54#7839] ERROR -- : url http://down.51voa.com/201210/US_Elections_Mideast_View_WEB_16X9_-_Broadband-FCPImportProResP1-fixed-x264-Platform_YTHDFull__146992.mp3
E, [2012-11-02 22:39:56#7839] ERROR -- : url http://down.51voa.com/201210/National_Cathedral_Mother_Teresa_WEB_SD-fixed-x264-Platform_YTHQFull__972388.mp3
E, [2012-11-02 22:40:00#7839] ERROR -- : url http://down.51voa.com/201210/US_Pol_Black_Voter_Mood_Web-fixed-x264-Platform_YTHQFull__315042.mp3
E, [2012-11-02 22:40:01#7839] ERROR -- : url http://down.51voa.com/201210/Hurricane_Economy_16x9_WEB_-FCPImportProResP1-fixed-x264-Platform_YTHDFull__530661.mp3
E, [2012-11-02 22:40:06#7839] ERROR -- : url 
E, [2012-11-02 22:40:06#7839] ERROR -- : url 
E, [2012-11-02 22:40:07#7839] ERROR -- : url http://down.51voa.com/201210/se-sin-alcohol-use-and-abuse-30oct12-web.mp3
E, [2012-11-02 22:40:08#7839] ERROR -- : url http://down.51voa.com/201210/Florida_Seniors_HD1_-_Computer-FCPImportProResP1-fixed-x264-Platform_YTHDFull__792521.mp3
E, [2012-11-02 22:40:08#7839] ERROR -- : url http://down.51voa.com/201210/Election_Issues_Immigration_4x3_WEB-fixed-x264-Platform_YTHQFull__427224.mp3
E, [2012-11-02 22:40:10#7839] ERROR -- : url 
E, [2012-11-02 22:40:12#7839] ERROR -- : url 
E, [2012-11-02 22:40:14#7839] ERROR -- : url http://down.51voa.com/201210/Florida_Latinos_Web2_16_9_HD_-_Computer-FCPImportProResP1-fixed-x264-Platform_YTHDFull__646077.mp3
E, [2012-11-02 22:40:14#7839] ERROR -- : url http://down.51voa.com/201210/US_Pol_Voter_Profile_Web-fixed-x264-Platform_YTHQFull__225914.mp3
E, [2012-11-02 22:40:18#7839] ERROR -- : url 
E, [2012-11-02 22:40:20#7839] ERROR -- : url 
I, [2012-11-02 22:44:29#7839]  INFO -- : download success
E, [2012-11-02 22:44:41#7839] ERROR -- : url http://down.51voa.com/201210/se-tia-halloween-story-4-29oct12.mp3
E, [2012-11-02 22:45:48#7839] ERROR -- : url http://down.51voa.com/201210/Global_Foreign_Policy_FOR_WEB_-fixed-x264-Platform_YTHQFull__665461.mp3
I, [2012-11-02 22:46:18#7839]  INFO -- : download success
I, [2012-11-02 22:46:52#7839]  INFO -- : download success
I, [2012-11-02 22:48:21#7839]  INFO -- : download success
I, [2012-11-02 22:48:52#7839]  INFO -- : download success
E, [2012-11-02 22:48:59#7839] ERROR -- : url http://down.51voa.com/201210/Election_Issues_Middle_East_4x3_WEB_[dur=00,03,53]-fixed-x264-Platform_YTHQFull__383661.mp3
I, [2012-11-02 22:49:42#7839]  INFO -- : download success
I, [2012-11-02 22:51:05#7839]  INFO -- : download success
E, [2012-11-02 22:51:14#7839] ERROR -- : url http://down.51voa.com/201210/SBA_Women_own_business_Web_[dur=00,02,53]-fixed-x264-Platform_YTHQFull__879216.mp3
I, [2012-11-02 22:52:01#7839]  INFO -- : download success
I, [2012-11-02 22:52:24#7839]  INFO -- : download success
I, [2012-11-02 22:52:56#7839]  INFO -- : download success
E, [2012-11-02 22:53:00#7839] ERROR -- : url http://down.51voa.com/201210/Spain_Youths_FOR_WEB_HD[dur=00,03,01]_16x9-fixed-x264-Platform_YTHDFull__125138.mp3
I, [2012-11-03 10:16:09#8285]  INFO -- : download success
I, [2012-11-03 10:17:14#8285]  INFO -- : download success
I, [2012-11-03 10:17:38#8285]  INFO -- : download success
I, [2012-11-03 10:18:00#8285]  INFO -- : download success
I, [2012-11-03 10:18:26#8285]  INFO -- : download success
E, [2012-11-03 10:18:28#8285] ERROR -- : url http://down.51voa.com/201211/WEB_Sandy_Climate_Change[dur=00,02,26]_-fixed-x264-Platform_YTHQFull__747835.mp3
I, [2012-11-03 10:20:33#8285]  INFO -- : download success
E, [2012-11-03 10:20:38#8285] ERROR -- : url 
I, [2012-11-03 10:21:55#8285]  INFO -- : download success
I, [2012-11-03 10:25:29#8285]  INFO -- : download success
I, [2012-11-03 10:25:49#8285]  INFO -- : download success
I, [2012-11-03 10:26:03#8285]  INFO -- : download success
I, [2012-11-03 10:26:31#8285]  INFO -- : download success
I, [2012-11-03 10:27:09#8285]  INFO -- : download success
I, [2012-11-03 10:27:49#8285]  INFO -- : download success
I, [2012-11-03 10:28:21#8285]  INFO -- : download success
I, [2012-11-03 10:28:39#8285]  INFO -- : download success
E, [2012-11-03 10:28:42#8285] ERROR -- : url 
E, [2012-11-03 10:28:44#8285] ERROR -- : url 
I, [2012-11-03 10:29:14#8285]  INFO -- : download success
I, [2012-11-03 10:29:51#8285]  INFO -- : download success
I, [2012-11-03 10:30:28#8285]  INFO -- : download success
E, [2012-11-03 10:30:31#8285] ERROR -- : url 
E, [2012-11-03 10:30:33#8285] ERROR -- : url 
I, [2012-11-03 10:30:52#8285]  INFO -- : download success
I, [2012-11-03 10:32:13#8285]  INFO -- : download success
E, [2012-11-03 10:32:19#8285] ERROR -- : url 
E, [2012-11-03 10:32:22#8285] ERROR -- : url 
I, [2012-11-03 10:32:51#8285]  INFO -- : download success
I, [2012-11-03 10:33:12#8285]  INFO -- : download success
I, [2012-11-03 10:34:20#8285]  INFO -- : download success
I, [2012-11-03 10:35:18#8285]  INFO -- : download success
I, [2012-11-03 10:36:08#8285]  INFO -- : download success
I, [2012-11-03 10:39:11#8285]  INFO -- : download success
I, [2012-11-03 10:41:11#8285]  INFO -- : download success
E, [2012-11-03 10:41:13#8285] ERROR -- : url http://down.51voa.com/201210/Election_Issues_Middle_East_4x3_WEB_[dur=00,03,53]-fixed-x264-Platform_YTHQFull__383661.mp3
I, [2012-11-03 10:41:21#8285]  INFO -- : download success
I, [2012-11-03 10:43:45#8285]  INFO -- : download success
E, [2012-11-03 10:43:46#8285] ERROR -- : url http://down.51voa.com/201210/SBA_Women_own_business_Web_[dur=00,02,53]-fixed-x264-Platform_YTHQFull__879216.mp3
I, [2012-11-03 10:44:25#8285]  INFO -- : download success
I, [2012-11-03 10:44:47#8285]  INFO -- : download success
I, [2012-11-03 10:45:01#8285]  INFO -- : download success
I, [2012-11-06 14:27:31#14523]  INFO -- : download success
I, [2012-11-06 14:27:47#14523]  INFO -- : download success
I, [2012-11-06 14:28:03#14523]  INFO -- : download success
I, [2012-11-06 14:28:06#14523]  INFO -- : download success
I, [2012-11-06 14:28:13#14523]  INFO -- : download success
E, [2012-11-06 14:28:13#14523] ERROR -- : url  can not download 
E, [2012-11-06 14:28:13#14523] ERROR -- : url  can not download 
I, [2012-11-06 14:28:16#14523]  INFO -- : download success
I, [2012-11-06 14:28:17#14523]  INFO -- : download success
I, [2012-11-06 14:28:28#14523]  INFO -- : download success
I, [2012-11-06 14:28:45#14523]  INFO -- : download success
I, [2012-11-06 14:28:46#14523]  INFO -- : download success
I, [2012-11-06 14:28:52#14523]  INFO -- : download success
I, [2012-11-06 14:29:03#14523]  INFO -- : download success
I, [2012-11-06 14:29:09#14523]  INFO -- : download success
I, [2012-11-06 14:29:20#14523]  INFO -- : download success
E, [2012-11-06 14:29:22#14523] ERROR -- : url  can not download 
E, [2012-11-06 14:29:22#14523] ERROR -- : url  can not download 
I, [2012-11-06 14:29:28#14523]  INFO -- : download success
I, [2012-11-06 14:29:36#14523]  INFO -- : download success
I, [2012-11-06 14:29:43#14523]  INFO -- : download success
I, [2012-11-06 14:30:03#14523]  INFO -- : download success
I, [2012-11-06 14:30:04#14523]  INFO -- : download success
I, [2012-11-06 14:30:11#14523]  INFO -- : download success
E, [2012-11-06 14:30:11#14523] ERROR -- : url  can not download 
E, [2012-11-06 14:30:11#14523] ERROR -- : url  can not download 
I, [2012-11-06 14:30:13#14523]  INFO -- : download success
I, [2012-11-06 14:30:14#14523]  INFO -- : download success
I, [2012-11-06 14:30:20#14523]  INFO -- : download success
I, [2012-11-06 14:30:27#14523]  INFO -- : download success
I, [2012-11-06 14:30:48#14523]  INFO -- : download success
E, [2012-11-06 14:30:48#14523] ERROR -- : url http://down.51voa.com/201211/WEB_Sandy_Climate_Change[dur=00,02,26]_-fixed-x264-Platform_YTHQFull__747835.mp3 can not download 
I, [2012-11-06 14:30:58#14523]  INFO -- : download success
E, [2012-11-06 14:30:58#14523] ERROR -- : url  can not download 
I, [2012-11-06 14:31:26#14523]  INFO -- : download success
I, [2012-11-06 14:32:33#14523]  INFO -- : download success
I, [2012-11-06 14:32:37#14523]  INFO -- : download success
I, [2012-11-06 14:32:47#14523]  INFO -- : download success
I, [2012-11-06 14:32:56#14523]  INFO -- : download success
I, [2012-11-06 14:32:59#14523]  INFO -- : download success
I, [2012-11-06 14:33:00#14523]  INFO -- : download success
E, [2012-11-06 14:33:00#14523] ERROR -- : url  can not download 
E, [2012-11-06 14:33:01#14523] ERROR -- : url  can not download 
I, [2012-11-06 14:35:56#14573]  INFO -- : download success
I, [2012-11-06 14:36:34#14573]  INFO -- : download success
I, [2012-11-06 14:37:15#14573]  INFO -- : download success
I, [2012-11-06 14:37:50#14573]  INFO -- : download success
I, [2012-11-06 14:37:52#14573]  INFO -- : download success
E, [2012-11-06 14:37:52#14573] ERROR -- : url /Voa_English_Learning/US_Soldier_to_Appear_in_Court_for_Afghan_Massacre_47424.html can not download 
E, [2012-11-06 14:37:52#14573] ERROR -- : url /Voa_English_Learning/Obama_Romney_Tied_In_Key_States__47423.html can not download 
I, [2012-11-06 14:37:56#14573]  INFO -- : download success
I, [2012-11-06 14:37:57#14573]  INFO -- : download success
I, [2012-11-06 14:38:05#14573]  INFO -- : download success
I, [2012-11-06 14:38:12#14573]  INFO -- : download success
I, [2012-11-06 14:38:22#14573]  INFO -- : download success
I, [2012-11-06 14:38:23#14573]  INFO -- : download success
I, [2012-11-06 14:38:25#14573]  INFO -- : download success
I, [2012-11-06 14:38:28#14573]  INFO -- : download success
I, [2012-11-06 14:38:37#14573]  INFO -- : download success
E, [2012-11-06 14:38:37#14573] ERROR -- : url /Voa_English_Learning/New_York_Continues_to_Recover_47410.html can not download 
E, [2012-11-06 14:38:37#14573] ERROR -- : url /Voa_English_Learning/Election_Tuesday_US_Presidential_Race_Still_Close_47409.html can not download 
I, [2012-11-06 14:38:43#14573]  INFO -- : download success
I, [2012-11-06 14:38:50#14573]  INFO -- : download success
I, [2012-11-06 14:38:53#14573]  INFO -- : download success
I, [2012-11-06 14:39:02#14573]  INFO -- : download success
I, [2012-11-06 14:39:14#14573]  INFO -- : download success
I, [2012-11-06 14:39:24#14573]  INFO -- : download success
E, [2012-11-06 14:39:24#14573] ERROR -- : url /Voa_English_Learning/Hurricane_Death_Toll_Rising_NYC_Marathon_Still_On____47399.html can not download 
E, [2012-11-06 14:39:24#14573] ERROR -- : url /Voa_English_Learning/US_Presidential_Race_Back_at_Full_Speed_After_Superstorm_47398.html can not download 
I, [2012-11-06 14:39:36#14573]  INFO -- : download success
I, [2012-11-06 14:39:54#14573]  INFO -- : download success
I, [2012-11-06 14:39:56#14573]  INFO -- : download success
I, [2012-11-06 14:40:05#14573]  INFO -- : download success
I, [2012-11-06 14:40:06#14573]  INFO -- : download success
E, [2012-11-06 14:40:06#14573] ERROR -- : url /VOA_Standard_English/hurricane-sandy-environment-47376.html can not download 
I, [2012-11-06 14:40:07#14573]  INFO -- : download success
E, [2012-11-06 14:40:07#14573] ERROR -- : url /Voa_English_Learning/China_Launches_Anti-Dumping_Probe_into_EU_Solar_Products_47387.html can not download 
I, [2012-11-06 14:40:08#14573]  INFO -- : download success
I, [2012-11-06 14:41:14#14573]  INFO -- : download success
I, [2012-11-06 14:41:24#14573]  INFO -- : download success
I, [2012-11-06 14:41:33#14573]  INFO -- : download success
I, [2012-11-06 14:41:35#14573]  INFO -- : download success
I, [2012-11-06 14:41:43#14573]  INFO -- : download success
I, [2012-11-06 14:41:47#14573]  INFO -- : download success
E, [2012-11-06 14:41:47#14573] ERROR -- : url /Voa_English_Learning/Obama_Christie_to_View_NJ_Damage____47373.html can not download 
E, [2012-11-06 14:41:47#14573] ERROR -- : url /Voa_English_Learning/Brahimi_Seeks_Chinese_Support_for_Syria_Solution_47372.html can not download 
I, [2012-11-12 13:56:56#48225]  INFO -- : download success
I, [2012-11-12 13:57:25#48225]  INFO -- : download success
I, [2012-11-12 13:57:41#48225]  INFO -- : download success
I, [2012-11-12 13:58:39#48225]  INFO -- : download success
I, [2012-11-12 13:59:04#48225]  INFO -- : download success
I, [2012-11-12 13:59:24#48225]  INFO -- : download success
I, [2012-11-12 13:59:42#48225]  INFO -- : download success
I, [2012-11-12 14:00:05#48225]  INFO -- : download success
I, [2012-11-12 14:00:20#48225]  INFO -- : download success
I, [2012-11-12 14:00:42#48225]  INFO -- : download success
I, [2012-11-12 14:00:56#48225]  INFO -- : download success
I, [2012-11-12 14:01:08#48225]  INFO -- : download success
I, [2012-11-12 14:01:35#48225]  INFO -- : download success
I, [2012-11-12 14:01:49#48225]  INFO -- : download success
I, [2012-11-12 14:02:06#48225]  INFO -- : download success
I, [2012-11-12 14:02:26#48225]  INFO -- : download success
I, [2012-11-12 14:02:49#48225]  INFO -- : download success
I, [2012-11-12 14:03:30#48225]  INFO -- : download success
E, [2012-11-12 14:03:30#48225] ERROR -- : can not download /Voa_English_Learning/U_S_Navy_Accuses_SEALs_of_Disclosing_Secrets_47494.html
E, [2012-11-12 14:03:31#48225] ERROR -- : can not download /Voa_English_Learning/Syrian_Fighting_Rages_On_Opposition_Nears_Agreement_on_Coalition_47493.html
I, [2012-11-12 14:04:58#48225]  INFO -- : download success
I, [2012-11-12 14:06:02#48225]  INFO -- : download success
E, [2012-11-12 14:07:03#48225] ERROR -- : can not download /VOA_Standard_English/in-new-york-occupy-wall-street-becomes-occupy-sandy-47482.html
I, [2012-11-12 14:07:18#48225]  INFO -- : download success
I, [2012-11-12 14:07:34#48225]  INFO -- : download success
I, [2012-11-12 14:07:58#48225]  INFO -- : download success
I, [2012-11-12 14:09:12#48225]  INFO -- : download success
E, [2012-11-12 14:09:12#48225] ERROR -- : can not download /Voa_English_Learning/Assad_Vows_to_Remain_in_Syria_47476.html
E, [2012-11-12 14:09:12#48225] ERROR -- : can not download /Voa_English_Learning/Balance_of_Power_Remains_Unchanged_in_US_Congress_47475.html
I, [2012-11-12 14:09:40#48225]  INFO -- : download success
I, [2012-11-12 14:13:03#48225]  INFO -- : download success
I, [2012-11-12 14:13:19#48225]  INFO -- : download success
I, [2012-11-12 14:13:37#48225]  INFO -- : download success
E, [2012-11-12 14:13:37#48225] ERROR -- : can not download /VOA_Standard_English/new-jersey-residents-prepare-for-another-storm-47468.html
E, [2012-11-12 14:13:37#48225] ERROR -- : can not download /VOA_Standard_English/economy-remains-obama-supporters-main-concern-47467.html
E, [2012-11-12 14:14:02#48225] ERROR -- : can not download /VOA_Standard_English/obama-victory-driven-by-economy-and-turnout-47464.html
I, [2012-11-12 14:14:20#48225]  INFO -- : download success
I, [2012-11-12 14:14:42#48225]  INFO -- : download success
I, [2012-11-12 14:15:15#48225]  INFO -- : download success
I, [2012-11-12 14:15:52#48225]  INFO -- : download success
I, [2012-11-12 14:16:10#48225]  INFO -- : download success
I, [2012-11-12 14:16:28#48225]  INFO -- : download success
I, [2012-11-12 14:16:45#48225]  INFO -- : download success
I, [2012-11-16 12:19:31#67636]  INFO -- : download success
I, [2012-11-16 12:19:35#67636]  INFO -- : download success
I, [2012-11-16 12:19:38#67636]  INFO -- : download success
I, [2012-11-16 12:19:41#67636]  INFO -- : download success
I, [2012-11-16 12:19:47#67636]  INFO -- : download success
I, [2012-11-16 12:19:50#67636]  INFO -- : download success
E, [2012-11-16 12:19:50#67636] ERROR -- : can not download /Voa_English_Learning/Burma_to_Release_452_Prisoners_Ahead_of_Obama's_Visit_47553.html
E, [2012-11-16 12:19:50#67636] ERROR -- : can not download /Voa_English_Learning/NSC_Ends_Emergency_Meeting_After_Israeli_Strike_Kills_Hamas_Commander_47552.html
I, [2012-11-16 12:19:52#67636]  INFO -- : download success
I, [2012-11-16 12:19:56#67636]  INFO -- : download success
I, [2012-11-16 12:19:59#67636]  INFO -- : download success
I, [2012-11-16 12:20:15#67636]  INFO -- : download success
I, [2012-11-16 12:21:00#67636]  INFO -- : download success
E, [2012-11-16 12:21:00#67636] ERROR -- : can not download /Voa_English_Learning/Iraq_Bombings_Kill_12_47543.html
E, [2012-11-16 12:21:01#67636] ERROR -- : can not download /Voa_English_Learning/Panetta_Expresses_Support_for_General_Allen_47542.html
I, [2012-11-16 12:21:46#67636]  INFO -- : download success
I, [2012-11-16 12:21:49#67636]  INFO -- : download success
I, [2012-11-16 12:21:58#67636]  INFO -- : download success
I, [2012-11-16 12:22:02#67636]  INFO -- : download success
E, [2012-11-16 12:22:02#67636] ERROR -- : can not download /Voa_English_Learning/US_Weighing_Troop_Plans_for_Post_2014_Afghanistan_47530.html
E, [2012-11-16 12:22:02#67636] ERROR -- : can not download /Voa_English_Learning/Head_of_US_Forces_in_Afghanistan_Under_the_Pentagon's_Investigation_47529.html
I, [2012-11-16 12:22:04#67636]  INFO -- : download success
I, [2012-11-16 12:22:15#67636]  INFO -- : download success
I, [2012-11-16 12:22:18#67636]  INFO -- : download success
I, [2012-11-16 12:22:21#67636]  INFO -- : download success
I, [2012-11-16 12:22:22#67636]  INFO -- : download success
E, [2012-11-16 12:22:22#67636] ERROR -- : can not download /Voa_English_Learning/Moderate_Syrian_Cleric_to_Lead_Opposition_47523.html
E, [2012-11-16 12:22:22#67636] ERROR -- : can not download /Voa_English_Learning/Karzai_in_India_to_Push_for_Investment_47522.html
I, [2012-11-16 12:22:24#67636]  INFO -- : download success
I, [2012-11-16 12:22:30#67636]  INFO -- : download success
I, [2012-11-16 12:22:36#67636]  INFO -- : download success
I, [2012-11-16 12:22:41#67636]  INFO -- : download success
I, [2012-11-16 12:22:49#67636]  INFO -- : download success
I, [2012-11-16 12:23:04#67636]  INFO -- : download success
I, [2012-11-16 12:23:15#67636]  INFO -- : download success
I, [2012-11-16 12:23:18#67636]  INFO -- : download success
I, [2012-11-16 12:23:30#67636]  INFO -- : download success
I, [2012-11-16 12:23:34#67636]  INFO -- : download success
I, [2012-11-16 12:23:37#67636]  INFO -- : download success
I, [2012-11-16 12:23:40#67636]  INFO -- : download success
I, [2012-11-16 12:23:42#67636]  INFO -- : download success
I, [2012-11-16 12:23:56#67636]  INFO -- : download success
I, [2012-11-16 12:23:59#67636]  INFO -- : download success
I, [2012-11-20 09:37:58#82581]  INFO -- : download success
I, [2012-11-20 09:38:22#82581]  INFO -- : download success
E, [2012-11-20 09:38:46#82581] ERROR -- : can not download title: US president Obama visits Burma (2012-11-20) link: /VOA_Standard_English/US president Obama visits Burma-47592.html
E, [2012-11-20 09:38:57#82581] ERROR -- : can not download title: Experts Not Hopeful About Doha Climate Conference (2012-11-20) link: /VOA_Standard_English/tough_issues_low_expectations_for_doha_climate_change-47591.html
I, [2012-11-20 09:39:15#82581]  INFO -- : download success
